[KeOps] Warning : Cuda libraries were not detected on the system ; using cpu only mode
Ray is disabled
NetsharePrePostProcessor._pre_process
../../traces/cidds/raw.csv
dataset type: netflow
metadata cols: ['srcip', 'dstip', 'srcport', 'dstport', 'proto']
word2vec cols: ['srcport', 'dstport', 'proto']
Training Word2Vec model from scratch...
Word2Vec model is saved at ../../results/cidds/pre_processed_data/word2vec_vecSize_10.model
Building annoy dictionary word2vec...
{'port': ['srcport', 'dstport'], 'proto': ['proto']}
Finish building Angular trees...
metadata fields: ['srcip', 'dstip', 'srcport', 'dstport', 'proto']
timeseries fields: ['td', 'pkt', 'byt', 'type']
Using fixed_time
10
Chunk_id: 0, # of pkts/records: 20954
Chunk_id: 1, # of pkts/records: 21431
Chunk_id: 2, # of pkts/records: 172620
Chunk_id: 3, # of pkts/records: 16414
Chunk_id: 4, # of pkts/records: 18286
Chunk_id: 5, # of pkts/records: 89038
Chunk_id: 6, # of pkts/records: 28925
Chunk_id: 7, # of pkts/records: 9781
Chunk_id: 8, # of pkts/records: 15042
Chunk_id: 9, # of pkts/records: 607509
df_chunk_cnt_validation: 1000000
Chunk time: 23599.6289 seconds
compute flowkey-chunk list from scratch...
processing chunk 1/10, # of flows: 5868
processing chunk 2/10, # of flows: 4150
processing chunk 3/10, # of flows: 53679
processing chunk 4/10, # of flows: 3242
processing chunk 5/10, # of flows: 3772
processing chunk 6/10, # of flows: 51502
processing chunk 7/10, # of flows: 13881
processing chunk 8/10, # of flows: 122
processing chunk 9/10, # of flows: 590
processing chunk 10/10, # of flows: 88843
# of total flows: 157666
# of total flows (sanity check): 157666
# of flows cross chunk (of total flows): 46900 (29.746425989116233%)
# of non-continuous flows: 20005
chunk_id: 0, max_flow_len: 436
chunk_id: 1, max_flow_len: 469
chunk_id: 2, max_flow_len: 457
chunk_id: 3, max_flow_len: 370
chunk_id: 4, max_flow_len: 413
chunk_id: 5, max_flow_len: 489
chunk_id: 6, max_flow_len: 401
chunk_id: 7, max_flow_len: 254
chunk_id: 8, max_flow_len: 395
chunk_id: 9, max_flow_len: 536
global max flow len: 536
Top 10 per-chunk flow length: [470, 471, 471, 473, 474, 474, 488, 489, 490, 536]

Chunk_id: 0
Before truncation, df_per_chunk: (20954, 11)
After truncation, df_per_chunk: (20954, 11)
df_per_chunk: (20954, 173)
data_attribute: (5868, 181), 0.008496864GB in memory
data_feature: (5868, 536, 8), 0.201295872GB in memory
data_gen_flag: (5868, 536), 0.025161984GB in memory

Chunk_id: 1
Before truncation, df_per_chunk: (21431, 11)
After truncation, df_per_chunk: (21431, 11)
df_per_chunk: (21431, 173)
data_attribute: (4150, 181), 0.0060092GB in memory
data_feature: (4150, 536, 8), 0.1423616GB in memory
data_gen_flag: (4150, 536), 0.0177952GB in memory

Chunk_id: 2
Before truncation, df_per_chunk: (172620, 11)
After truncation, df_per_chunk: (172620, 11)
df_per_chunk: (172620, 173)
data_attribute: (53679, 181), 0.077727192GB in memory
data_feature: (53679, 536, 8), 1.841404416GB in memory
data_gen_flag: (53679, 536), 0.230175552GB in memory

Chunk_id: 3
Before truncation, df_per_chunk: (16414, 11)
After truncation, df_per_chunk: (16414, 11)
df_per_chunk: (16414, 173)
data_attribute: (3242, 181), 0.004694416GB in memory
data_feature: (3242, 536, 8), 0.111213568GB in memory
data_gen_flag: (3242, 536), 0.013901696GB in memory

Chunk_id: 4
Before truncation, df_per_chunk: (18286, 11)
After truncation, df_per_chunk: (18286, 11)
df_per_chunk: (18286, 173)
data_attribute: (3772, 181), 0.005461856GB in memory
data_feature: (3772, 536, 8), 0.129394688GB in memory
data_gen_flag: (3772, 536), 0.016174336GB in memory

Chunk_id: 5
Before truncation, df_per_chunk: (89038, 11)
After truncation, df_per_chunk: (89038, 11)
df_per_chunk: (89038, 173)
data_attribute: (51502, 181), 0.074574896GB in memory
data_feature: (51502, 536, 8), 1.766724608GB in memory
data_gen_flag: (51502, 536), 0.220840576GB in memory

Chunk_id: 6
Before truncation, df_per_chunk: (28925, 11)
After truncation, df_per_chunk: (28925, 11)
df_per_chunk: (28925, 173)
data_attribute: (13881, 181), 0.020099688GB in memory
data_feature: (13881, 536, 8), 0.476173824GB in memory
data_gen_flag: (13881, 536), 0.059521728GB in memory

Chunk_id: 7
Before truncation, df_per_chunk: (9781, 11)
After truncation, df_per_chunk: (9781, 11)
df_per_chunk: (9781, 173)
data_attribute: (122, 181), 0.000176656GB in memory
data_feature: (122, 536, 8), 0.004185088GB in memory
data_gen_flag: (122, 536), 0.000523136GB in memory

Chunk_id: 8
Before truncation, df_per_chunk: (15042, 11)
After truncation, df_per_chunk: (15042, 11)
df_per_chunk: (15042, 173)
data_attribute: (590, 181), 0.00085432GB in memory
data_feature: (590, 536, 8), 0.02023936GB in memory
data_gen_flag: (590, 536), 0.00252992GB in memory

Chunk_id: 9
Before truncation, df_per_chunk: (607509, 11)
After truncation, df_per_chunk: (607509, 11)
df_per_chunk: (607509, 173)
data_attribute: (88843, 181), 0.128644664GB in memory
data_feature: (88843, 536, 8), 3.047670272GB in memory
data_gen_flag: (88843, 536), 0.380958784GB in memory
NetShareManager._train
Chunk 0 is valid
Chunk 1 is valid
Chunk 2 is valid
Chunk 3 is valid
Chunk 4 is valid
Chunk 5 is valid
Chunk 6 is valid
Chunk 7 is valid
Chunk 8 is valid
Chunk 9 is valid
Number of valid chunks: 10
Number of configurations after expanded: 10
[{'dp_noise_multiplier': None, 'dp': False, 'pretrain': True, 'config_ids': [0, 1, 2, 3, 4, 5, 6, 7, 8, 9]}]
Config group 0: DP: False, pretrain: True
Start launching chunk0 experiments...
DoppelGANgerTorchModel._train
Currently training with config: {'overwrite': True, 'original_data_file': '../../traces/cidds/raw.csv', 'dataset_type': 'netflow', 'n_chunks': 10, 'dp': False, 'allowed_data_types': ['ip_string', 'integer', 'float', 'string'], 'allowed_data_encodings': ['categorical', 'bit', 'word2vec_port', 'word2vec_proto'], 'pretrain_dir': '../../results/cidds/models/chunkid-0/sample_len-5/checkpoint/epoch_id-799.pt', 'skip_chunk0_train': False, 'pretrain_non_dp': True, 'pretrain_non_dp_reduce_time': 4.0, 'pretrain_dp': False, 'run': 0, 'batch_size': 1024, 'sample_len': 5, 'sample_len_expand': True, 'iteration': 200000, 'vis_freq': 100000, 'vis_num_sample': 5, 'd_rounds': 5, 'g_rounds': 1, 'num_packing': 1, 'noise': True, 'attr_noise_type': 'normal', 'feature_noise_type': 'normal', 'rnn_mlp_num_layers': 0, 'feed_back': False, 'g_lr': 0.0001, 'g_beta1': 0.5, 'd_lr': 0.0001, 'd_beta1': 0.5, 'd_gp_coe': 10.0, 'adam_eps': 1e-08, 'adam_amsgrad': False, 'generator_feature_num_layers': 1, 'generator_feature_num_units': 100, 'generator_attribute_num_layers': 5, 'generator_attribute_num_units': 512, 'discriminator_num_layers': 5, 'discriminator_num_units': 512, 'initial_state': 'random', 'leaky_relu': False, 'attr_d_lr': 0.0001, 'attr_d_beta1': 0.5, 'attr_d_gp_coe': 10.0, 'g_attr_d_coe': 1.0, 'attr_discriminator_num_layers': 5, 'attr_discriminator_num_units': 512, 'use_attr_discriminator': True, 'self_norm': False, 'fix_feature_network': False, 'debug': False, 'combined_disc': True, 'use_gt_lengths': False, 'use_uniform_lengths': False, 'num_cores': None, 'sn_mode': None, 'scale': 1.0, 'extra_checkpoint_freq': 50000, 'epoch_checkpoint_freq': 400, 'dp_noise_multiplier': None, 'dp_l2_norm_clip': None, 'use_adaptive_rolling': False, 'attribute_latent_dim': 5, 'feature_latent_dim': 5, 'epochs': 1000, 'dataset': '../../results/cidds/pre_processed_data/chunkid-0', 'dataset_expand': True, 'sub_result_folder': 'chunkid-0/sample_len-5', 'result_folder': '../../results/cidds/models/chunkid-0/sample_len-5', 'restore': False}
Finish launching chunk0 experiments ...
Start waiting for other chunks from config_group_id 0 experiments finished ...
DoppelGANgerTorchModel._train
Currently training with config: {'overwrite': True, 'original_data_file': '../../traces/cidds/raw.csv', 'dataset_type': 'netflow', 'n_chunks': 10, 'dp': False, 'allowed_data_types': ['ip_string', 'integer', 'float', 'string'], 'allowed_data_encodings': ['categorical', 'bit', 'word2vec_port', 'word2vec_proto'], 'pretrain_dir': '../../results/cidds/models/chunkid-0/sample_len-5/checkpoint/epoch_id-799.pt', 'skip_chunk0_train': False, 'pretrain_non_dp': True, 'pretrain_non_dp_reduce_time': 4.0, 'pretrain_dp': False, 'run': 0, 'batch_size': 1024, 'sample_len': 5, 'sample_len_expand': True, 'iteration': 200000, 'vis_freq': 100000, 'vis_num_sample': 5, 'd_rounds': 5, 'g_rounds': 1, 'num_packing': 1, 'noise': True, 'attr_noise_type': 'normal', 'feature_noise_type': 'normal', 'rnn_mlp_num_layers': 0, 'feed_back': False, 'g_lr': 0.0001, 'g_beta1': 0.5, 'd_lr': 0.0001, 'd_beta1': 0.5, 'd_gp_coe': 10.0, 'adam_eps': 1e-08, 'adam_amsgrad': False, 'generator_feature_num_layers': 1, 'generator_feature_num_units': 100, 'generator_attribute_num_layers': 5, 'generator_attribute_num_units': 512, 'discriminator_num_layers': 5, 'discriminator_num_units': 512, 'initial_state': 'random', 'leaky_relu': False, 'attr_d_lr': 0.0001, 'attr_d_beta1': 0.5, 'attr_d_gp_coe': 10.0, 'g_attr_d_coe': 1.0, 'attr_discriminator_num_layers': 5, 'attr_discriminator_num_units': 512, 'use_attr_discriminator': True, 'self_norm': False, 'fix_feature_network': False, 'debug': False, 'combined_disc': True, 'use_gt_lengths': False, 'use_uniform_lengths': False, 'num_cores': None, 'sn_mode': None, 'scale': 1.0, 'extra_checkpoint_freq': 50000, 'epoch_checkpoint_freq': 400, 'dp_noise_multiplier': None, 'dp_l2_norm_clip': None, 'use_adaptive_rolling': False, 'attribute_latent_dim': 5, 'feature_latent_dim': 5, 'epochs': 250, 'dataset': '../../results/cidds/pre_processed_data/chunkid-1', 'dataset_expand': True, 'sub_result_folder': 'chunkid-1/sample_len-5', 'result_folder': '../../results/cidds/models/chunkid-1/sample_len-5', 'restore': True}
Load pre-trained model from ../../results/cidds/models/chunkid-0/sample_len-5/checkpoint/epoch_id-799.pt...
DoppelGANgerTorchModel._train
Currently training with config: {'overwrite': True, 'original_data_file': '../../traces/cidds/raw.csv', 'dataset_type': 'netflow', 'n_chunks': 10, 'dp': False, 'allowed_data_types': ['ip_string', 'integer', 'float', 'string'], 'allowed_data_encodings': ['categorical', 'bit', 'word2vec_port', 'word2vec_proto'], 'pretrain_dir': '../../results/cidds/models/chunkid-0/sample_len-5/checkpoint/epoch_id-799.pt', 'skip_chunk0_train': False, 'pretrain_non_dp': True, 'pretrain_non_dp_reduce_time': 4.0, 'pretrain_dp': False, 'run': 0, 'batch_size': 1024, 'sample_len': 5, 'sample_len_expand': True, 'iteration': 200000, 'vis_freq': 100000, 'vis_num_sample': 5, 'd_rounds': 5, 'g_rounds': 1, 'num_packing': 1, 'noise': True, 'attr_noise_type': 'normal', 'feature_noise_type': 'normal', 'rnn_mlp_num_layers': 0, 'feed_back': False, 'g_lr': 0.0001, 'g_beta1': 0.5, 'd_lr': 0.0001, 'd_beta1': 0.5, 'd_gp_coe': 10.0, 'adam_eps': 1e-08, 'adam_amsgrad': False, 'generator_feature_num_layers': 1, 'generator_feature_num_units': 100, 'generator_attribute_num_layers': 5, 'generator_attribute_num_units': 512, 'discriminator_num_layers': 5, 'discriminator_num_units': 512, 'initial_state': 'random', 'leaky_relu': False, 'attr_d_lr': 0.0001, 'attr_d_beta1': 0.5, 'attr_d_gp_coe': 10.0, 'g_attr_d_coe': 1.0, 'attr_discriminator_num_layers': 5, 'attr_discriminator_num_units': 512, 'use_attr_discriminator': True, 'self_norm': False, 'fix_feature_network': False, 'debug': False, 'combined_disc': True, 'use_gt_lengths': False, 'use_uniform_lengths': False, 'num_cores': None, 'sn_mode': None, 'scale': 1.0, 'extra_checkpoint_freq': 50000, 'epoch_checkpoint_freq': 400, 'dp_noise_multiplier': None, 'dp_l2_norm_clip': None, 'use_adaptive_rolling': False, 'attribute_latent_dim': 5, 'feature_latent_dim': 5, 'epochs': 250, 'dataset': '../../results/cidds/pre_processed_data/chunkid-2', 'dataset_expand': True, 'sub_result_folder': 'chunkid-2/sample_len-5', 'result_folder': '../../results/cidds/models/chunkid-2/sample_len-5', 'restore': True}
Load pre-trained model from ../../results/cidds/models/chunkid-0/sample_len-5/checkpoint/epoch_id-799.pt...
DoppelGANgerTorchModel._train
Currently training with config: {'overwrite': True, 'original_data_file': '../../traces/cidds/raw.csv', 'dataset_type': 'netflow', 'n_chunks': 10, 'dp': False, 'allowed_data_types': ['ip_string', 'integer', 'float', 'string'], 'allowed_data_encodings': ['categorical', 'bit', 'word2vec_port', 'word2vec_proto'], 'pretrain_dir': '../../results/cidds/models/chunkid-0/sample_len-5/checkpoint/epoch_id-799.pt', 'skip_chunk0_train': False, 'pretrain_non_dp': True, 'pretrain_non_dp_reduce_time': 4.0, 'pretrain_dp': False, 'run': 0, 'batch_size': 1024, 'sample_len': 5, 'sample_len_expand': True, 'iteration': 200000, 'vis_freq': 100000, 'vis_num_sample': 5, 'd_rounds': 5, 'g_rounds': 1, 'num_packing': 1, 'noise': True, 'attr_noise_type': 'normal', 'feature_noise_type': 'normal', 'rnn_mlp_num_layers': 0, 'feed_back': False, 'g_lr': 0.0001, 'g_beta1': 0.5, 'd_lr': 0.0001, 'd_beta1': 0.5, 'd_gp_coe': 10.0, 'adam_eps': 1e-08, 'adam_amsgrad': False, 'generator_feature_num_layers': 1, 'generator_feature_num_units': 100, 'generator_attribute_num_layers': 5, 'generator_attribute_num_units': 512, 'discriminator_num_layers': 5, 'discriminator_num_units': 512, 'initial_state': 'random', 'leaky_relu': False, 'attr_d_lr': 0.0001, 'attr_d_beta1': 0.5, 'attr_d_gp_coe': 10.0, 'g_attr_d_coe': 1.0, 'attr_discriminator_num_layers': 5, 'attr_discriminator_num_units': 512, 'use_attr_discriminator': True, 'self_norm': False, 'fix_feature_network': False, 'debug': False, 'combined_disc': True, 'use_gt_lengths': False, 'use_uniform_lengths': False, 'num_cores': None, 'sn_mode': None, 'scale': 1.0, 'extra_checkpoint_freq': 50000, 'epoch_checkpoint_freq': 400, 'dp_noise_multiplier': None, 'dp_l2_norm_clip': None, 'use_adaptive_rolling': False, 'attribute_latent_dim': 5, 'feature_latent_dim': 5, 'epochs': 250, 'dataset': '../../results/cidds/pre_processed_data/chunkid-3', 'dataset_expand': True, 'sub_result_folder': 'chunkid-3/sample_len-5', 'result_folder': '../../results/cidds/models/chunkid-3/sample_len-5', 'restore': True}
Load pre-trained model from ../../results/cidds/models/chunkid-0/sample_len-5/checkpoint/epoch_id-799.pt...
DoppelGANgerTorchModel._train
Currently training with config: {'overwrite': True, 'original_data_file': '../../traces/cidds/raw.csv', 'dataset_type': 'netflow', 'n_chunks': 10, 'dp': False, 'allowed_data_types': ['ip_string', 'integer', 'float', 'string'], 'allowed_data_encodings': ['categorical', 'bit', 'word2vec_port', 'word2vec_proto'], 'pretrain_dir': '../../results/cidds/models/chunkid-0/sample_len-5/checkpoint/epoch_id-799.pt', 'skip_chunk0_train': False, 'pretrain_non_dp': True, 'pretrain_non_dp_reduce_time': 4.0, 'pretrain_dp': False, 'run': 0, 'batch_size': 1024, 'sample_len': 5, 'sample_len_expand': True, 'iteration': 200000, 'vis_freq': 100000, 'vis_num_sample': 5, 'd_rounds': 5, 'g_rounds': 1, 'num_packing': 1, 'noise': True, 'attr_noise_type': 'normal', 'feature_noise_type': 'normal', 'rnn_mlp_num_layers': 0, 'feed_back': False, 'g_lr': 0.0001, 'g_beta1': 0.5, 'd_lr': 0.0001, 'd_beta1': 0.5, 'd_gp_coe': 10.0, 'adam_eps': 1e-08, 'adam_amsgrad': False, 'generator_feature_num_layers': 1, 'generator_feature_num_units': 100, 'generator_attribute_num_layers': 5, 'generator_attribute_num_units': 512, 'discriminator_num_layers': 5, 'discriminator_num_units': 512, 'initial_state': 'random', 'leaky_relu': False, 'attr_d_lr': 0.0001, 'attr_d_beta1': 0.5, 'attr_d_gp_coe': 10.0, 'g_attr_d_coe': 1.0, 'attr_discriminator_num_layers': 5, 'attr_discriminator_num_units': 512, 'use_attr_discriminator': True, 'self_norm': False, 'fix_feature_network': False, 'debug': False, 'combined_disc': True, 'use_gt_lengths': False, 'use_uniform_lengths': False, 'num_cores': None, 'sn_mode': None, 'scale': 1.0, 'extra_checkpoint_freq': 50000, 'epoch_checkpoint_freq': 400, 'dp_noise_multiplier': None, 'dp_l2_norm_clip': None, 'use_adaptive_rolling': False, 'attribute_latent_dim': 5, 'feature_latent_dim': 5, 'epochs': 250, 'dataset': '../../results/cidds/pre_processed_data/chunkid-4', 'dataset_expand': True, 'sub_result_folder': 'chunkid-4/sample_len-5', 'result_folder': '../../results/cidds/models/chunkid-4/sample_len-5', 'restore': True}
Load pre-trained model from ../../results/cidds/models/chunkid-0/sample_len-5/checkpoint/epoch_id-799.pt...
DoppelGANgerTorchModel._train
Currently training with config: {'overwrite': True, 'original_data_file': '../../traces/cidds/raw.csv', 'dataset_type': 'netflow', 'n_chunks': 10, 'dp': False, 'allowed_data_types': ['ip_string', 'integer', 'float', 'string'], 'allowed_data_encodings': ['categorical', 'bit', 'word2vec_port', 'word2vec_proto'], 'pretrain_dir': '../../results/cidds/models/chunkid-0/sample_len-5/checkpoint/epoch_id-799.pt', 'skip_chunk0_train': False, 'pretrain_non_dp': True, 'pretrain_non_dp_reduce_time': 4.0, 'pretrain_dp': False, 'run': 0, 'batch_size': 1024, 'sample_len': 5, 'sample_len_expand': True, 'iteration': 200000, 'vis_freq': 100000, 'vis_num_sample': 5, 'd_rounds': 5, 'g_rounds': 1, 'num_packing': 1, 'noise': True, 'attr_noise_type': 'normal', 'feature_noise_type': 'normal', 'rnn_mlp_num_layers': 0, 'feed_back': False, 'g_lr': 0.0001, 'g_beta1': 0.5, 'd_lr': 0.0001, 'd_beta1': 0.5, 'd_gp_coe': 10.0, 'adam_eps': 1e-08, 'adam_amsgrad': False, 'generator_feature_num_layers': 1, 'generator_feature_num_units': 100, 'generator_attribute_num_layers': 5, 'generator_attribute_num_units': 512, 'discriminator_num_layers': 5, 'discriminator_num_units': 512, 'initial_state': 'random', 'leaky_relu': False, 'attr_d_lr': 0.0001, 'attr_d_beta1': 0.5, 'attr_d_gp_coe': 10.0, 'g_attr_d_coe': 1.0, 'attr_discriminator_num_layers': 5, 'attr_discriminator_num_units': 512, 'use_attr_discriminator': True, 'self_norm': False, 'fix_feature_network': False, 'debug': False, 'combined_disc': True, 'use_gt_lengths': False, 'use_uniform_lengths': False, 'num_cores': None, 'sn_mode': None, 'scale': 1.0, 'extra_checkpoint_freq': 50000, 'epoch_checkpoint_freq': 400, 'dp_noise_multiplier': None, 'dp_l2_norm_clip': None, 'use_adaptive_rolling': False, 'attribute_latent_dim': 5, 'feature_latent_dim': 5, 'epochs': 250, 'dataset': '../../results/cidds/pre_processed_data/chunkid-5', 'dataset_expand': True, 'sub_result_folder': 'chunkid-5/sample_len-5', 'result_folder': '../../results/cidds/models/chunkid-5/sample_len-5', 'restore': True}
Load pre-trained model from ../../results/cidds/models/chunkid-0/sample_len-5/checkpoint/epoch_id-799.pt...
DoppelGANgerTorchModel._train
Currently training with config: {'overwrite': True, 'original_data_file': '../../traces/cidds/raw.csv', 'dataset_type': 'netflow', 'n_chunks': 10, 'dp': False, 'allowed_data_types': ['ip_string', 'integer', 'float', 'string'], 'allowed_data_encodings': ['categorical', 'bit', 'word2vec_port', 'word2vec_proto'], 'pretrain_dir': '../../results/cidds/models/chunkid-0/sample_len-5/checkpoint/epoch_id-799.pt', 'skip_chunk0_train': False, 'pretrain_non_dp': True, 'pretrain_non_dp_reduce_time': 4.0, 'pretrain_dp': False, 'run': 0, 'batch_size': 1024, 'sample_len': 5, 'sample_len_expand': True, 'iteration': 200000, 'vis_freq': 100000, 'vis_num_sample': 5, 'd_rounds': 5, 'g_rounds': 1, 'num_packing': 1, 'noise': True, 'attr_noise_type': 'normal', 'feature_noise_type': 'normal', 'rnn_mlp_num_layers': 0, 'feed_back': False, 'g_lr': 0.0001, 'g_beta1': 0.5, 'd_lr': 0.0001, 'd_beta1': 0.5, 'd_gp_coe': 10.0, 'adam_eps': 1e-08, 'adam_amsgrad': False, 'generator_feature_num_layers': 1, 'generator_feature_num_units': 100, 'generator_attribute_num_layers': 5, 'generator_attribute_num_units': 512, 'discriminator_num_layers': 5, 'discriminator_num_units': 512, 'initial_state': 'random', 'leaky_relu': False, 'attr_d_lr': 0.0001, 'attr_d_beta1': 0.5, 'attr_d_gp_coe': 10.0, 'g_attr_d_coe': 1.0, 'attr_discriminator_num_layers': 5, 'attr_discriminator_num_units': 512, 'use_attr_discriminator': True, 'self_norm': False, 'fix_feature_network': False, 'debug': False, 'combined_disc': True, 'use_gt_lengths': False, 'use_uniform_lengths': False, 'num_cores': None, 'sn_mode': None, 'scale': 1.0, 'extra_checkpoint_freq': 50000, 'epoch_checkpoint_freq': 400, 'dp_noise_multiplier': None, 'dp_l2_norm_clip': None, 'use_adaptive_rolling': False, 'attribute_latent_dim': 5, 'feature_latent_dim': 5, 'epochs': 250, 'dataset': '../../results/cidds/pre_processed_data/chunkid-6', 'dataset_expand': True, 'sub_result_folder': 'chunkid-6/sample_len-5', 'result_folder': '../../results/cidds/models/chunkid-6/sample_len-5', 'restore': True}
Load pre-trained model from ../../results/cidds/models/chunkid-0/sample_len-5/checkpoint/epoch_id-799.pt...
DoppelGANgerTorchModel._train
Currently training with config: {'overwrite': True, 'original_data_file': '../../traces/cidds/raw.csv', 'dataset_type': 'netflow', 'n_chunks': 10, 'dp': False, 'allowed_data_types': ['ip_string', 'integer', 'float', 'string'], 'allowed_data_encodings': ['categorical', 'bit', 'word2vec_port', 'word2vec_proto'], 'pretrain_dir': '../../results/cidds/models/chunkid-0/sample_len-5/checkpoint/epoch_id-799.pt', 'skip_chunk0_train': False, 'pretrain_non_dp': True, 'pretrain_non_dp_reduce_time': 4.0, 'pretrain_dp': False, 'run': 0, 'batch_size': 1024, 'sample_len': 5, 'sample_len_expand': True, 'iteration': 200000, 'vis_freq': 100000, 'vis_num_sample': 5, 'd_rounds': 5, 'g_rounds': 1, 'num_packing': 1, 'noise': True, 'attr_noise_type': 'normal', 'feature_noise_type': 'normal', 'rnn_mlp_num_layers': 0, 'feed_back': False, 'g_lr': 0.0001, 'g_beta1': 0.5, 'd_lr': 0.0001, 'd_beta1': 0.5, 'd_gp_coe': 10.0, 'adam_eps': 1e-08, 'adam_amsgrad': False, 'generator_feature_num_layers': 1, 'generator_feature_num_units': 100, 'generator_attribute_num_layers': 5, 'generator_attribute_num_units': 512, 'discriminator_num_layers': 5, 'discriminator_num_units': 512, 'initial_state': 'random', 'leaky_relu': False, 'attr_d_lr': 0.0001, 'attr_d_beta1': 0.5, 'attr_d_gp_coe': 10.0, 'g_attr_d_coe': 1.0, 'attr_discriminator_num_layers': 5, 'attr_discriminator_num_units': 512, 'use_attr_discriminator': True, 'self_norm': False, 'fix_feature_network': False, 'debug': False, 'combined_disc': True, 'use_gt_lengths': False, 'use_uniform_lengths': False, 'num_cores': None, 'sn_mode': None, 'scale': 1.0, 'extra_checkpoint_freq': 50000, 'epoch_checkpoint_freq': 400, 'dp_noise_multiplier': None, 'dp_l2_norm_clip': None, 'use_adaptive_rolling': False, 'attribute_latent_dim': 5, 'feature_latent_dim': 5, 'epochs': 250, 'dataset': '../../results/cidds/pre_processed_data/chunkid-7', 'dataset_expand': True, 'sub_result_folder': 'chunkid-7/sample_len-5', 'result_folder': '../../results/cidds/models/chunkid-7/sample_len-5', 'restore': True}
Load pre-trained model from ../../results/cidds/models/chunkid-0/sample_len-5/checkpoint/epoch_id-799.pt...
DoppelGANgerTorchModel._train
Currently training with config: {'overwrite': True, 'original_data_file': '../../traces/cidds/raw.csv', 'dataset_type': 'netflow', 'n_chunks': 10, 'dp': False, 'allowed_data_types': ['ip_string', 'integer', 'float', 'string'], 'allowed_data_encodings': ['categorical', 'bit', 'word2vec_port', 'word2vec_proto'], 'pretrain_dir': '../../results/cidds/models/chunkid-0/sample_len-5/checkpoint/epoch_id-799.pt', 'skip_chunk0_train': False, 'pretrain_non_dp': True, 'pretrain_non_dp_reduce_time': 4.0, 'pretrain_dp': False, 'run': 0, 'batch_size': 1024, 'sample_len': 5, 'sample_len_expand': True, 'iteration': 200000, 'vis_freq': 100000, 'vis_num_sample': 5, 'd_rounds': 5, 'g_rounds': 1, 'num_packing': 1, 'noise': True, 'attr_noise_type': 'normal', 'feature_noise_type': 'normal', 'rnn_mlp_num_layers': 0, 'feed_back': False, 'g_lr': 0.0001, 'g_beta1': 0.5, 'd_lr': 0.0001, 'd_beta1': 0.5, 'd_gp_coe': 10.0, 'adam_eps': 1e-08, 'adam_amsgrad': False, 'generator_feature_num_layers': 1, 'generator_feature_num_units': 100, 'generator_attribute_num_layers': 5, 'generator_attribute_num_units': 512, 'discriminator_num_layers': 5, 'discriminator_num_units': 512, 'initial_state': 'random', 'leaky_relu': False, 'attr_d_lr': 0.0001, 'attr_d_beta1': 0.5, 'attr_d_gp_coe': 10.0, 'g_attr_d_coe': 1.0, 'attr_discriminator_num_layers': 5, 'attr_discriminator_num_units': 512, 'use_attr_discriminator': True, 'self_norm': False, 'fix_feature_network': False, 'debug': False, 'combined_disc': True, 'use_gt_lengths': False, 'use_uniform_lengths': False, 'num_cores': None, 'sn_mode': None, 'scale': 1.0, 'extra_checkpoint_freq': 50000, 'epoch_checkpoint_freq': 400, 'dp_noise_multiplier': None, 'dp_l2_norm_clip': None, 'use_adaptive_rolling': False, 'attribute_latent_dim': 5, 'feature_latent_dim': 5, 'epochs': 250, 'dataset': '../../results/cidds/pre_processed_data/chunkid-8', 'dataset_expand': True, 'sub_result_folder': 'chunkid-8/sample_len-5', 'result_folder': '../../results/cidds/models/chunkid-8/sample_len-5', 'restore': True}
Load pre-trained model from ../../results/cidds/models/chunkid-0/sample_len-5/checkpoint/epoch_id-799.pt...
DoppelGANgerTorchModel._train
Currently training with config: {'overwrite': True, 'original_data_file': '../../traces/cidds/raw.csv', 'dataset_type': 'netflow', 'n_chunks': 10, 'dp': False, 'allowed_data_types': ['ip_string', 'integer', 'float', 'string'], 'allowed_data_encodings': ['categorical', 'bit', 'word2vec_port', 'word2vec_proto'], 'pretrain_dir': '../../results/cidds/models/chunkid-0/sample_len-5/checkpoint/epoch_id-799.pt', 'skip_chunk0_train': False, 'pretrain_non_dp': True, 'pretrain_non_dp_reduce_time': 4.0, 'pretrain_dp': False, 'run': 0, 'batch_size': 1024, 'sample_len': 5, 'sample_len_expand': True, 'iteration': 200000, 'vis_freq': 100000, 'vis_num_sample': 5, 'd_rounds': 5, 'g_rounds': 1, 'num_packing': 1, 'noise': True, 'attr_noise_type': 'normal', 'feature_noise_type': 'normal', 'rnn_mlp_num_layers': 0, 'feed_back': False, 'g_lr': 0.0001, 'g_beta1': 0.5, 'd_lr': 0.0001, 'd_beta1': 0.5, 'd_gp_coe': 10.0, 'adam_eps': 1e-08, 'adam_amsgrad': False, 'generator_feature_num_layers': 1, 'generator_feature_num_units': 100, 'generator_attribute_num_layers': 5, 'generator_attribute_num_units': 512, 'discriminator_num_layers': 5, 'discriminator_num_units': 512, 'initial_state': 'random', 'leaky_relu': False, 'attr_d_lr': 0.0001, 'attr_d_beta1': 0.5, 'attr_d_gp_coe': 10.0, 'g_attr_d_coe': 1.0, 'attr_discriminator_num_layers': 5, 'attr_discriminator_num_units': 512, 'use_attr_discriminator': True, 'self_norm': False, 'fix_feature_network': False, 'debug': False, 'combined_disc': True, 'use_gt_lengths': False, 'use_uniform_lengths': False, 'num_cores': None, 'sn_mode': None, 'scale': 1.0, 'extra_checkpoint_freq': 50000, 'epoch_checkpoint_freq': 400, 'dp_noise_multiplier': None, 'dp_l2_norm_clip': None, 'use_adaptive_rolling': False, 'attribute_latent_dim': 5, 'feature_latent_dim': 5, 'epochs': 250, 'dataset': '../../results/cidds/pre_processed_data/chunkid-9', 'dataset_expand': True, 'sub_result_folder': 'chunkid-9/sample_len-5', 'result_folder': '../../results/cidds/models/chunkid-9/sample_len-5', 'restore': True}
Load pre-trained model from ../../results/cidds/models/chunkid-0/sample_len-5/checkpoint/epoch_id-799.pt...
Other chunks from config_group_id 0 training finished
Chunk 0 is valid
Chunk 1 is valid
Chunk 2 is valid
Chunk 3 is valid
Chunk 4 is valid
Chunk 5 is valid
Chunk 6 is valid
Chunk 7 is valid
Chunk 8 is valid
Chunk 9 is valid
Number of valid chunks: 10
Number of configurations after expanded: 10
Start generating attributes ...
DoppelGANgerTorchModel._generate
Currently generating with config: {'overwrite': True, 'original_data_file': '../../traces/cidds/raw.csv', 'dataset_type': 'netflow', 'n_chunks': 10, 'dp': False, 'allowed_data_types': ['ip_string', 'integer', 'float', 'string'], 'allowed_data_encodings': ['categorical', 'bit', 'word2vec_port', 'word2vec_proto'], 'pretrain_dir': '../../results/cidds/models/chunkid-0/sample_len-5/checkpoint/epoch_id-799.pt', 'skip_chunk0_train': False, 'pretrain_non_dp': True, 'pretrain_non_dp_reduce_time': 4.0, 'pretrain_dp': False, 'run': 0, 'batch_size': 1024, 'sample_len': 5, 'sample_len_expand': True, 'iteration': 200000, 'vis_freq': 100000, 'vis_num_sample': 5, 'd_rounds': 5, 'g_rounds': 1, 'num_packing': 1, 'noise': True, 'attr_noise_type': 'normal', 'feature_noise_type': 'normal', 'rnn_mlp_num_layers': 0, 'feed_back': False, 'g_lr': 0.0001, 'g_beta1': 0.5, 'd_lr': 0.0001, 'd_beta1': 0.5, 'd_gp_coe': 10.0, 'adam_eps': 1e-08, 'adam_amsgrad': False, 'generator_feature_num_layers': 1, 'generator_feature_num_units': 100, 'generator_attribute_num_layers': 5, 'generator_attribute_num_units': 512, 'discriminator_num_layers': 5, 'discriminator_num_units': 512, 'initial_state': 'random', 'leaky_relu': False, 'attr_d_lr': 0.0001, 'attr_d_beta1': 0.5, 'attr_d_gp_coe': 10.0, 'g_attr_d_coe': 1.0, 'attr_discriminator_num_layers': 5, 'attr_discriminator_num_units': 512, 'use_attr_discriminator': True, 'self_norm': False, 'fix_feature_network': False, 'debug': False, 'combined_disc': True, 'use_gt_lengths': False, 'use_uniform_lengths': False, 'num_cores': None, 'sn_mode': None, 'scale': 1.0, 'extra_checkpoint_freq': 50000, 'epoch_checkpoint_freq': 400, 'dp_noise_multiplier': None, 'dp_l2_norm_clip': None, 'use_adaptive_rolling': False, 'attribute_latent_dim': 5, 'feature_latent_dim': 5, 'epochs': 1000, 'dataset': '../../results/cidds/pre_processed_data/chunkid-0', 'dataset_expand': True, 'sub_result_folder': 'chunkid-0/sample_len-5', 'result_folder': '../../results/cidds/models/chunkid-0/sample_len-5', 'restore': False, 'chunk_id': 0, 'eval_root_folder': '../../results/cidds/generated_data/sample_len-5', 'given_data_attribute_flag': False}
Generating w/o given data attribute!
Processing epoch_id: 799
generate 1-th sample from epoch_id-799
Finished loading
../../results/cidds/generated_data/sample_len-5/attr_raw/chunk_id-0.npz
DoppelGANgerTorchModel._generate
Currently generating with config: {'overwrite': True, 'original_data_file': '../../traces/cidds/raw.csv', 'dataset_type': 'netflow', 'n_chunks': 10, 'dp': False, 'allowed_data_types': ['ip_string', 'integer', 'float', 'string'], 'allowed_data_encodings': ['categorical', 'bit', 'word2vec_port', 'word2vec_proto'], 'pretrain_dir': '../../results/cidds/models/chunkid-0/sample_len-5/checkpoint/epoch_id-799.pt', 'skip_chunk0_train': False, 'pretrain_non_dp': True, 'pretrain_non_dp_reduce_time': 4.0, 'pretrain_dp': False, 'run': 0, 'batch_size': 1024, 'sample_len': 5, 'sample_len_expand': True, 'iteration': 200000, 'vis_freq': 100000, 'vis_num_sample': 5, 'd_rounds': 5, 'g_rounds': 1, 'num_packing': 1, 'noise': True, 'attr_noise_type': 'normal', 'feature_noise_type': 'normal', 'rnn_mlp_num_layers': 0, 'feed_back': False, 'g_lr': 0.0001, 'g_beta1': 0.5, 'd_lr': 0.0001, 'd_beta1': 0.5, 'd_gp_coe': 10.0, 'adam_eps': 1e-08, 'adam_amsgrad': False, 'generator_feature_num_layers': 1, 'generator_feature_num_units': 100, 'generator_attribute_num_layers': 5, 'generator_attribute_num_units': 512, 'discriminator_num_layers': 5, 'discriminator_num_units': 512, 'initial_state': 'random', 'leaky_relu': False, 'attr_d_lr': 0.0001, 'attr_d_beta1': 0.5, 'attr_d_gp_coe': 10.0, 'g_attr_d_coe': 1.0, 'attr_discriminator_num_layers': 5, 'attr_discriminator_num_units': 512, 'use_attr_discriminator': True, 'self_norm': False, 'fix_feature_network': False, 'debug': False, 'combined_disc': True, 'use_gt_lengths': False, 'use_uniform_lengths': False, 'num_cores': None, 'sn_mode': None, 'scale': 1.0, 'extra_checkpoint_freq': 50000, 'epoch_checkpoint_freq': 400, 'dp_noise_multiplier': None, 'dp_l2_norm_clip': None, 'use_adaptive_rolling': False, 'attribute_latent_dim': 5, 'feature_latent_dim': 5, 'epochs': 250, 'dataset': '../../results/cidds/pre_processed_data/chunkid-1', 'dataset_expand': True, 'sub_result_folder': 'chunkid-1/sample_len-5', 'result_folder': '../../results/cidds/models/chunkid-1/sample_len-5', 'restore': True, 'chunk_id': 1, 'eval_root_folder': '../../results/cidds/generated_data/sample_len-5', 'given_data_attribute_flag': False}
Generating w/o given data attribute!
DoppelGANgerTorchModel._generate
Currently generating with config: {'overwrite': True, 'original_data_file': '../../traces/cidds/raw.csv', 'dataset_type': 'netflow', 'n_chunks': 10, 'dp': False, 'allowed_data_types': ['ip_string', 'integer', 'float', 'string'], 'allowed_data_encodings': ['categorical', 'bit', 'word2vec_port', 'word2vec_proto'], 'pretrain_dir': '../../results/cidds/models/chunkid-0/sample_len-5/checkpoint/epoch_id-799.pt', 'skip_chunk0_train': False, 'pretrain_non_dp': True, 'pretrain_non_dp_reduce_time': 4.0, 'pretrain_dp': False, 'run': 0, 'batch_size': 1024, 'sample_len': 5, 'sample_len_expand': True, 'iteration': 200000, 'vis_freq': 100000, 'vis_num_sample': 5, 'd_rounds': 5, 'g_rounds': 1, 'num_packing': 1, 'noise': True, 'attr_noise_type': 'normal', 'feature_noise_type': 'normal', 'rnn_mlp_num_layers': 0, 'feed_back': False, 'g_lr': 0.0001, 'g_beta1': 0.5, 'd_lr': 0.0001, 'd_beta1': 0.5, 'd_gp_coe': 10.0, 'adam_eps': 1e-08, 'adam_amsgrad': False, 'generator_feature_num_layers': 1, 'generator_feature_num_units': 100, 'generator_attribute_num_layers': 5, 'generator_attribute_num_units': 512, 'discriminator_num_layers': 5, 'discriminator_num_units': 512, 'initial_state': 'random', 'leaky_relu': False, 'attr_d_lr': 0.0001, 'attr_d_beta1': 0.5, 'attr_d_gp_coe': 10.0, 'g_attr_d_coe': 1.0, 'attr_discriminator_num_layers': 5, 'attr_discriminator_num_units': 512, 'use_attr_discriminator': True, 'self_norm': False, 'fix_feature_network': False, 'debug': False, 'combined_disc': True, 'use_gt_lengths': False, 'use_uniform_lengths': False, 'num_cores': None, 'sn_mode': None, 'scale': 1.0, 'extra_checkpoint_freq': 50000, 'epoch_checkpoint_freq': 400, 'dp_noise_multiplier': None, 'dp_l2_norm_clip': None, 'use_adaptive_rolling': False, 'attribute_latent_dim': 5, 'feature_latent_dim': 5, 'epochs': 250, 'dataset': '../../results/cidds/pre_processed_data/chunkid-2', 'dataset_expand': True, 'sub_result_folder': 'chunkid-2/sample_len-5', 'result_folder': '../../results/cidds/models/chunkid-2/sample_len-5', 'restore': True, 'chunk_id': 2, 'eval_root_folder': '../../results/cidds/generated_data/sample_len-5', 'given_data_attribute_flag': False}
Generating w/o given data attribute!
DoppelGANgerTorchModel._generate
Currently generating with config: {'overwrite': True, 'original_data_file': '../../traces/cidds/raw.csv', 'dataset_type': 'netflow', 'n_chunks': 10, 'dp': False, 'allowed_data_types': ['ip_string', 'integer', 'float', 'string'], 'allowed_data_encodings': ['categorical', 'bit', 'word2vec_port', 'word2vec_proto'], 'pretrain_dir': '../../results/cidds/models/chunkid-0/sample_len-5/checkpoint/epoch_id-799.pt', 'skip_chunk0_train': False, 'pretrain_non_dp': True, 'pretrain_non_dp_reduce_time': 4.0, 'pretrain_dp': False, 'run': 0, 'batch_size': 1024, 'sample_len': 5, 'sample_len_expand': True, 'iteration': 200000, 'vis_freq': 100000, 'vis_num_sample': 5, 'd_rounds': 5, 'g_rounds': 1, 'num_packing': 1, 'noise': True, 'attr_noise_type': 'normal', 'feature_noise_type': 'normal', 'rnn_mlp_num_layers': 0, 'feed_back': False, 'g_lr': 0.0001, 'g_beta1': 0.5, 'd_lr': 0.0001, 'd_beta1': 0.5, 'd_gp_coe': 10.0, 'adam_eps': 1e-08, 'adam_amsgrad': False, 'generator_feature_num_layers': 1, 'generator_feature_num_units': 100, 'generator_attribute_num_layers': 5, 'generator_attribute_num_units': 512, 'discriminator_num_layers': 5, 'discriminator_num_units': 512, 'initial_state': 'random', 'leaky_relu': False, 'attr_d_lr': 0.0001, 'attr_d_beta1': 0.5, 'attr_d_gp_coe': 10.0, 'g_attr_d_coe': 1.0, 'attr_discriminator_num_layers': 5, 'attr_discriminator_num_units': 512, 'use_attr_discriminator': True, 'self_norm': False, 'fix_feature_network': False, 'debug': False, 'combined_disc': True, 'use_gt_lengths': False, 'use_uniform_lengths': False, 'num_cores': None, 'sn_mode': None, 'scale': 1.0, 'extra_checkpoint_freq': 50000, 'epoch_checkpoint_freq': 400, 'dp_noise_multiplier': None, 'dp_l2_norm_clip': None, 'use_adaptive_rolling': False, 'attribute_latent_dim': 5, 'feature_latent_dim': 5, 'epochs': 250, 'dataset': '../../results/cidds/pre_processed_data/chunkid-3', 'dataset_expand': True, 'sub_result_folder': 'chunkid-3/sample_len-5', 'result_folder': '../../results/cidds/models/chunkid-3/sample_len-5', 'restore': True, 'chunk_id': 3, 'eval_root_folder': '../../results/cidds/generated_data/sample_len-5', 'given_data_attribute_flag': False}
Generating w/o given data attribute!
DoppelGANgerTorchModel._generate
Currently generating with config: {'overwrite': True, 'original_data_file': '../../traces/cidds/raw.csv', 'dataset_type': 'netflow', 'n_chunks': 10, 'dp': False, 'allowed_data_types': ['ip_string', 'integer', 'float', 'string'], 'allowed_data_encodings': ['categorical', 'bit', 'word2vec_port', 'word2vec_proto'], 'pretrain_dir': '../../results/cidds/models/chunkid-0/sample_len-5/checkpoint/epoch_id-799.pt', 'skip_chunk0_train': False, 'pretrain_non_dp': True, 'pretrain_non_dp_reduce_time': 4.0, 'pretrain_dp': False, 'run': 0, 'batch_size': 1024, 'sample_len': 5, 'sample_len_expand': True, 'iteration': 200000, 'vis_freq': 100000, 'vis_num_sample': 5, 'd_rounds': 5, 'g_rounds': 1, 'num_packing': 1, 'noise': True, 'attr_noise_type': 'normal', 'feature_noise_type': 'normal', 'rnn_mlp_num_layers': 0, 'feed_back': False, 'g_lr': 0.0001, 'g_beta1': 0.5, 'd_lr': 0.0001, 'd_beta1': 0.5, 'd_gp_coe': 10.0, 'adam_eps': 1e-08, 'adam_amsgrad': False, 'generator_feature_num_layers': 1, 'generator_feature_num_units': 100, 'generator_attribute_num_layers': 5, 'generator_attribute_num_units': 512, 'discriminator_num_layers': 5, 'discriminator_num_units': 512, 'initial_state': 'random', 'leaky_relu': False, 'attr_d_lr': 0.0001, 'attr_d_beta1': 0.5, 'attr_d_gp_coe': 10.0, 'g_attr_d_coe': 1.0, 'attr_discriminator_num_layers': 5, 'attr_discriminator_num_units': 512, 'use_attr_discriminator': True, 'self_norm': False, 'fix_feature_network': False, 'debug': False, 'combined_disc': True, 'use_gt_lengths': False, 'use_uniform_lengths': False, 'num_cores': None, 'sn_mode': None, 'scale': 1.0, 'extra_checkpoint_freq': 50000, 'epoch_checkpoint_freq': 400, 'dp_noise_multiplier': None, 'dp_l2_norm_clip': None, 'use_adaptive_rolling': False, 'attribute_latent_dim': 5, 'feature_latent_dim': 5, 'epochs': 250, 'dataset': '../../results/cidds/pre_processed_data/chunkid-4', 'dataset_expand': True, 'sub_result_folder': 'chunkid-4/sample_len-5', 'result_folder': '../../results/cidds/models/chunkid-4/sample_len-5', 'restore': True, 'chunk_id': 4, 'eval_root_folder': '../../results/cidds/generated_data/sample_len-5', 'given_data_attribute_flag': False}
Generating w/o given data attribute!
DoppelGANgerTorchModel._generate
Currently generating with config: {'overwrite': True, 'original_data_file': '../../traces/cidds/raw.csv', 'dataset_type': 'netflow', 'n_chunks': 10, 'dp': False, 'allowed_data_types': ['ip_string', 'integer', 'float', 'string'], 'allowed_data_encodings': ['categorical', 'bit', 'word2vec_port', 'word2vec_proto'], 'pretrain_dir': '../../results/cidds/models/chunkid-0/sample_len-5/checkpoint/epoch_id-799.pt', 'skip_chunk0_train': False, 'pretrain_non_dp': True, 'pretrain_non_dp_reduce_time': 4.0, 'pretrain_dp': False, 'run': 0, 'batch_size': 1024, 'sample_len': 5, 'sample_len_expand': True, 'iteration': 200000, 'vis_freq': 100000, 'vis_num_sample': 5, 'd_rounds': 5, 'g_rounds': 1, 'num_packing': 1, 'noise': True, 'attr_noise_type': 'normal', 'feature_noise_type': 'normal', 'rnn_mlp_num_layers': 0, 'feed_back': False, 'g_lr': 0.0001, 'g_beta1': 0.5, 'd_lr': 0.0001, 'd_beta1': 0.5, 'd_gp_coe': 10.0, 'adam_eps': 1e-08, 'adam_amsgrad': False, 'generator_feature_num_layers': 1, 'generator_feature_num_units': 100, 'generator_attribute_num_layers': 5, 'generator_attribute_num_units': 512, 'discriminator_num_layers': 5, 'discriminator_num_units': 512, 'initial_state': 'random', 'leaky_relu': False, 'attr_d_lr': 0.0001, 'attr_d_beta1': 0.5, 'attr_d_gp_coe': 10.0, 'g_attr_d_coe': 1.0, 'attr_discriminator_num_layers': 5, 'attr_discriminator_num_units': 512, 'use_attr_discriminator': True, 'self_norm': False, 'fix_feature_network': False, 'debug': False, 'combined_disc': True, 'use_gt_lengths': False, 'use_uniform_lengths': False, 'num_cores': None, 'sn_mode': None, 'scale': 1.0, 'extra_checkpoint_freq': 50000, 'epoch_checkpoint_freq': 400, 'dp_noise_multiplier': None, 'dp_l2_norm_clip': None, 'use_adaptive_rolling': False, 'attribute_latent_dim': 5, 'feature_latent_dim': 5, 'epochs': 250, 'dataset': '../../results/cidds/pre_processed_data/chunkid-5', 'dataset_expand': True, 'sub_result_folder': 'chunkid-5/sample_len-5', 'result_folder': '../../results/cidds/models/chunkid-5/sample_len-5', 'restore': True, 'chunk_id': 5, 'eval_root_folder': '../../results/cidds/generated_data/sample_len-5', 'given_data_attribute_flag': False}
Generating w/o given data attribute!
DoppelGANgerTorchModel._generate
Currently generating with config: {'overwrite': True, 'original_data_file': '../../traces/cidds/raw.csv', 'dataset_type': 'netflow', 'n_chunks': 10, 'dp': False, 'allowed_data_types': ['ip_string', 'integer', 'float', 'string'], 'allowed_data_encodings': ['categorical', 'bit', 'word2vec_port', 'word2vec_proto'], 'pretrain_dir': '../../results/cidds/models/chunkid-0/sample_len-5/checkpoint/epoch_id-799.pt', 'skip_chunk0_train': False, 'pretrain_non_dp': True, 'pretrain_non_dp_reduce_time': 4.0, 'pretrain_dp': False, 'run': 0, 'batch_size': 1024, 'sample_len': 5, 'sample_len_expand': True, 'iteration': 200000, 'vis_freq': 100000, 'vis_num_sample': 5, 'd_rounds': 5, 'g_rounds': 1, 'num_packing': 1, 'noise': True, 'attr_noise_type': 'normal', 'feature_noise_type': 'normal', 'rnn_mlp_num_layers': 0, 'feed_back': False, 'g_lr': 0.0001, 'g_beta1': 0.5, 'd_lr': 0.0001, 'd_beta1': 0.5, 'd_gp_coe': 10.0, 'adam_eps': 1e-08, 'adam_amsgrad': False, 'generator_feature_num_layers': 1, 'generator_feature_num_units': 100, 'generator_attribute_num_layers': 5, 'generator_attribute_num_units': 512, 'discriminator_num_layers': 5, 'discriminator_num_units': 512, 'initial_state': 'random', 'leaky_relu': False, 'attr_d_lr': 0.0001, 'attr_d_beta1': 0.5, 'attr_d_gp_coe': 10.0, 'g_attr_d_coe': 1.0, 'attr_discriminator_num_layers': 5, 'attr_discriminator_num_units': 512, 'use_attr_discriminator': True, 'self_norm': False, 'fix_feature_network': False, 'debug': False, 'combined_disc': True, 'use_gt_lengths': False, 'use_uniform_lengths': False, 'num_cores': None, 'sn_mode': None, 'scale': 1.0, 'extra_checkpoint_freq': 50000, 'epoch_checkpoint_freq': 400, 'dp_noise_multiplier': None, 'dp_l2_norm_clip': None, 'use_adaptive_rolling': False, 'attribute_latent_dim': 5, 'feature_latent_dim': 5, 'epochs': 250, 'dataset': '../../results/cidds/pre_processed_data/chunkid-6', 'dataset_expand': True, 'sub_result_folder': 'chunkid-6/sample_len-5', 'result_folder': '../../results/cidds/models/chunkid-6/sample_len-5', 'restore': True, 'chunk_id': 6, 'eval_root_folder': '../../results/cidds/generated_data/sample_len-5', 'given_data_attribute_flag': False}
Generating w/o given data attribute!
DoppelGANgerTorchModel._generate
Currently generating with config: {'overwrite': True, 'original_data_file': '../../traces/cidds/raw.csv', 'dataset_type': 'netflow', 'n_chunks': 10, 'dp': False, 'allowed_data_types': ['ip_string', 'integer', 'float', 'string'], 'allowed_data_encodings': ['categorical', 'bit', 'word2vec_port', 'word2vec_proto'], 'pretrain_dir': '../../results/cidds/models/chunkid-0/sample_len-5/checkpoint/epoch_id-799.pt', 'skip_chunk0_train': False, 'pretrain_non_dp': True, 'pretrain_non_dp_reduce_time': 4.0, 'pretrain_dp': False, 'run': 0, 'batch_size': 1024, 'sample_len': 5, 'sample_len_expand': True, 'iteration': 200000, 'vis_freq': 100000, 'vis_num_sample': 5, 'd_rounds': 5, 'g_rounds': 1, 'num_packing': 1, 'noise': True, 'attr_noise_type': 'normal', 'feature_noise_type': 'normal', 'rnn_mlp_num_layers': 0, 'feed_back': False, 'g_lr': 0.0001, 'g_beta1': 0.5, 'd_lr': 0.0001, 'd_beta1': 0.5, 'd_gp_coe': 10.0, 'adam_eps': 1e-08, 'adam_amsgrad': False, 'generator_feature_num_layers': 1, 'generator_feature_num_units': 100, 'generator_attribute_num_layers': 5, 'generator_attribute_num_units': 512, 'discriminator_num_layers': 5, 'discriminator_num_units': 512, 'initial_state': 'random', 'leaky_relu': False, 'attr_d_lr': 0.0001, 'attr_d_beta1': 0.5, 'attr_d_gp_coe': 10.0, 'g_attr_d_coe': 1.0, 'attr_discriminator_num_layers': 5, 'attr_discriminator_num_units': 512, 'use_attr_discriminator': True, 'self_norm': False, 'fix_feature_network': False, 'debug': False, 'combined_disc': True, 'use_gt_lengths': False, 'use_uniform_lengths': False, 'num_cores': None, 'sn_mode': None, 'scale': 1.0, 'extra_checkpoint_freq': 50000, 'epoch_checkpoint_freq': 400, 'dp_noise_multiplier': None, 'dp_l2_norm_clip': None, 'use_adaptive_rolling': False, 'attribute_latent_dim': 5, 'feature_latent_dim': 5, 'epochs': 250, 'dataset': '../../results/cidds/pre_processed_data/chunkid-7', 'dataset_expand': True, 'sub_result_folder': 'chunkid-7/sample_len-5', 'result_folder': '../../results/cidds/models/chunkid-7/sample_len-5', 'restore': True, 'chunk_id': 7, 'eval_root_folder': '../../results/cidds/generated_data/sample_len-5', 'given_data_attribute_flag': False}
Generating w/o given data attribute!
DoppelGANgerTorchModel._generate
Currently generating with config: {'overwrite': True, 'original_data_file': '../../traces/cidds/raw.csv', 'dataset_type': 'netflow', 'n_chunks': 10, 'dp': False, 'allowed_data_types': ['ip_string', 'integer', 'float', 'string'], 'allowed_data_encodings': ['categorical', 'bit', 'word2vec_port', 'word2vec_proto'], 'pretrain_dir': '../../results/cidds/models/chunkid-0/sample_len-5/checkpoint/epoch_id-799.pt', 'skip_chunk0_train': False, 'pretrain_non_dp': True, 'pretrain_non_dp_reduce_time': 4.0, 'pretrain_dp': False, 'run': 0, 'batch_size': 1024, 'sample_len': 5, 'sample_len_expand': True, 'iteration': 200000, 'vis_freq': 100000, 'vis_num_sample': 5, 'd_rounds': 5, 'g_rounds': 1, 'num_packing': 1, 'noise': True, 'attr_noise_type': 'normal', 'feature_noise_type': 'normal', 'rnn_mlp_num_layers': 0, 'feed_back': False, 'g_lr': 0.0001, 'g_beta1': 0.5, 'd_lr': 0.0001, 'd_beta1': 0.5, 'd_gp_coe': 10.0, 'adam_eps': 1e-08, 'adam_amsgrad': False, 'generator_feature_num_layers': 1, 'generator_feature_num_units': 100, 'generator_attribute_num_layers': 5, 'generator_attribute_num_units': 512, 'discriminator_num_layers': 5, 'discriminator_num_units': 512, 'initial_state': 'random', 'leaky_relu': False, 'attr_d_lr': 0.0001, 'attr_d_beta1': 0.5, 'attr_d_gp_coe': 10.0, 'g_attr_d_coe': 1.0, 'attr_discriminator_num_layers': 5, 'attr_discriminator_num_units': 512, 'use_attr_discriminator': True, 'self_norm': False, 'fix_feature_network': False, 'debug': False, 'combined_disc': True, 'use_gt_lengths': False, 'use_uniform_lengths': False, 'num_cores': None, 'sn_mode': None, 'scale': 1.0, 'extra_checkpoint_freq': 50000, 'epoch_checkpoint_freq': 400, 'dp_noise_multiplier': None, 'dp_l2_norm_clip': None, 'use_adaptive_rolling': False, 'attribute_latent_dim': 5, 'feature_latent_dim': 5, 'epochs': 250, 'dataset': '../../results/cidds/pre_processed_data/chunkid-8', 'dataset_expand': True, 'sub_result_folder': 'chunkid-8/sample_len-5', 'result_folder': '../../results/cidds/models/chunkid-8/sample_len-5', 'restore': True, 'chunk_id': 8, 'eval_root_folder': '../../results/cidds/generated_data/sample_len-5', 'given_data_attribute_flag': False}
Generating w/o given data attribute!
DoppelGANgerTorchModel._generate
Currently generating with config: {'overwrite': True, 'original_data_file': '../../traces/cidds/raw.csv', 'dataset_type': 'netflow', 'n_chunks': 10, 'dp': False, 'allowed_data_types': ['ip_string', 'integer', 'float', 'string'], 'allowed_data_encodings': ['categorical', 'bit', 'word2vec_port', 'word2vec_proto'], 'pretrain_dir': '../../results/cidds/models/chunkid-0/sample_len-5/checkpoint/epoch_id-799.pt', 'skip_chunk0_train': False, 'pretrain_non_dp': True, 'pretrain_non_dp_reduce_time': 4.0, 'pretrain_dp': False, 'run': 0, 'batch_size': 1024, 'sample_len': 5, 'sample_len_expand': True, 'iteration': 200000, 'vis_freq': 100000, 'vis_num_sample': 5, 'd_rounds': 5, 'g_rounds': 1, 'num_packing': 1, 'noise': True, 'attr_noise_type': 'normal', 'feature_noise_type': 'normal', 'rnn_mlp_num_layers': 0, 'feed_back': False, 'g_lr': 0.0001, 'g_beta1': 0.5, 'd_lr': 0.0001, 'd_beta1': 0.5, 'd_gp_coe': 10.0, 'adam_eps': 1e-08, 'adam_amsgrad': False, 'generator_feature_num_layers': 1, 'generator_feature_num_units': 100, 'generator_attribute_num_layers': 5, 'generator_attribute_num_units': 512, 'discriminator_num_layers': 5, 'discriminator_num_units': 512, 'initial_state': 'random', 'leaky_relu': False, 'attr_d_lr': 0.0001, 'attr_d_beta1': 0.5, 'attr_d_gp_coe': 10.0, 'g_attr_d_coe': 1.0, 'attr_discriminator_num_layers': 5, 'attr_discriminator_num_units': 512, 'use_attr_discriminator': True, 'self_norm': False, 'fix_feature_network': False, 'debug': False, 'combined_disc': True, 'use_gt_lengths': False, 'use_uniform_lengths': False, 'num_cores': None, 'sn_mode': None, 'scale': 1.0, 'extra_checkpoint_freq': 50000, 'epoch_checkpoint_freq': 400, 'dp_noise_multiplier': None, 'dp_l2_norm_clip': None, 'use_adaptive_rolling': False, 'attribute_latent_dim': 5, 'feature_latent_dim': 5, 'epochs': 250, 'dataset': '../../results/cidds/pre_processed_data/chunkid-9', 'dataset_expand': True, 'sub_result_folder': 'chunkid-9/sample_len-5', 'result_folder': '../../results/cidds/models/chunkid-9/sample_len-5', 'restore': True, 'chunk_id': 9, 'eval_root_folder': '../../results/cidds/generated_data/sample_len-5', 'given_data_attribute_flag': False}
Generating w/o given data attribute!
Finish generating attributes
Start merging attributes ...
chunk0 config: {'overwrite': True, 'original_data_file': '../../traces/cidds/raw.csv', 'dataset_type': 'netflow', 'n_chunks': 10, 'dp': False, 'allowed_data_types': ['ip_string', 'integer', 'float', 'string'], 'allowed_data_encodings': ['categorical', 'bit', 'word2vec_port', 'word2vec_proto'], 'pretrain_dir': '../../results/cidds/models/chunkid-0/sample_len-5/checkpoint/epoch_id-799.pt', 'skip_chunk0_train': False, 'pretrain_non_dp': True, 'pretrain_non_dp_reduce_time': 4.0, 'pretrain_dp': False, 'run': 0, 'batch_size': 1024, 'sample_len': 5, 'sample_len_expand': True, 'iteration': 200000, 'vis_freq': 100000, 'vis_num_sample': 5, 'd_rounds': 5, 'g_rounds': 1, 'num_packing': 1, 'noise': True, 'attr_noise_type': 'normal', 'feature_noise_type': 'normal', 'rnn_mlp_num_layers': 0, 'feed_back': False, 'g_lr': 0.0001, 'g_beta1': 0.5, 'd_lr': 0.0001, 'd_beta1': 0.5, 'd_gp_coe': 10.0, 'adam_eps': 1e-08, 'adam_amsgrad': False, 'generator_feature_num_layers': 1, 'generator_feature_num_units': 100, 'generator_attribute_num_layers': 5, 'generator_attribute_num_units': 512, 'discriminator_num_layers': 5, 'discriminator_num_units': 512, 'initial_state': 'random', 'leaky_relu': False, 'attr_d_lr': 0.0001, 'attr_d_beta1': 0.5, 'attr_d_gp_coe': 10.0, 'g_attr_d_coe': 1.0, 'attr_discriminator_num_layers': 5, 'attr_discriminator_num_units': 512, 'use_attr_discriminator': True, 'self_norm': False, 'fix_feature_network': False, 'debug': False, 'combined_disc': True, 'use_gt_lengths': False, 'use_uniform_lengths': False, 'num_cores': None, 'sn_mode': None, 'scale': 1.0, 'extra_checkpoint_freq': 50000, 'epoch_checkpoint_freq': 400, 'dp_noise_multiplier': None, 'dp_l2_norm_clip': None, 'use_adaptive_rolling': False, 'attribute_latent_dim': 5, 'feature_latent_dim': 5, 'epochs': 1000, 'dataset': '../../results/cidds/pre_processed_data/chunkid-0', 'dataset_expand': True, 'sub_result_folder': 'chunkid-0/sample_len-5', 'result_folder': '../../results/cidds/models/chunkid-0/sample_len-5', 'restore': False, 'chunk_id': 0, 'eval_root_folder': '../../results/cidds/generated_data/sample_len-5', 'given_data_attribute_flag': False}
bit_idx_flagstart: 158
n_flows_startFromThisEpoch / total flows: 5866/5868
../../results/cidds/generated_data/sample_len-5/attr_raw/chunk_id-1.npz not exists...
../../results/cidds/generated_data/sample_len-5/attr_raw/chunk_id-2.npz not exists...
../../results/cidds/generated_data/sample_len-5/attr_raw/chunk_id-3.npz not exists...
../../results/cidds/generated_data/sample_len-5/attr_raw/chunk_id-4.npz not exists...
../../results/cidds/generated_data/sample_len-5/attr_raw/chunk_id-5.npz not exists...
../../results/cidds/generated_data/sample_len-5/attr_raw/chunk_id-6.npz not exists...
../../results/cidds/generated_data/sample_len-5/attr_raw/chunk_id-7.npz not exists...
../../results/cidds/generated_data/sample_len-5/attr_raw/chunk_id-8.npz not exists...
../../results/cidds/generated_data/sample_len-5/attr_raw/chunk_id-9.npz not exists...
Saving merged attrs...
chunk 0: 5866 flows
chunk 1: 134 flows
chunk 2: 120 flows
chunk 3: 71 flows
chunk 4: 123 flows
chunk 5: 107 flows
chunk 6: 92 flows
chunk 7: 90 flows
chunk 8: 95 flows
chunk 9: 87 flows
n_merged_attrs: 6785
Finish merging attributes...
Start generating features given attributes ...
DoppelGANgerTorchModel._generate
Currently generating with config: {'overwrite': True, 'original_data_file': '../../traces/cidds/raw.csv', 'dataset_type': 'netflow', 'n_chunks': 10, 'dp': False, 'allowed_data_types': ['ip_string', 'integer', 'float', 'string'], 'allowed_data_encodings': ['categorical', 'bit', 'word2vec_port', 'word2vec_proto'], 'pretrain_dir': '../../results/cidds/models/chunkid-0/sample_len-5/checkpoint/epoch_id-799.pt', 'skip_chunk0_train': False, 'pretrain_non_dp': True, 'pretrain_non_dp_reduce_time': 4.0, 'pretrain_dp': False, 'run': 0, 'batch_size': 1024, 'sample_len': 5, 'sample_len_expand': True, 'iteration': 200000, 'vis_freq': 100000, 'vis_num_sample': 5, 'd_rounds': 5, 'g_rounds': 1, 'num_packing': 1, 'noise': True, 'attr_noise_type': 'normal', 'feature_noise_type': 'normal', 'rnn_mlp_num_layers': 0, 'feed_back': False, 'g_lr': 0.0001, 'g_beta1': 0.5, 'd_lr': 0.0001, 'd_beta1': 0.5, 'd_gp_coe': 10.0, 'adam_eps': 1e-08, 'adam_amsgrad': False, 'generator_feature_num_layers': 1, 'generator_feature_num_units': 100, 'generator_attribute_num_layers': 5, 'generator_attribute_num_units': 512, 'discriminator_num_layers': 5, 'discriminator_num_units': 512, 'initial_state': 'random', 'leaky_relu': False, 'attr_d_lr': 0.0001, 'attr_d_beta1': 0.5, 'attr_d_gp_coe': 10.0, 'g_attr_d_coe': 1.0, 'attr_discriminator_num_layers': 5, 'attr_discriminator_num_units': 512, 'use_attr_discriminator': True, 'self_norm': False, 'fix_feature_network': False, 'debug': False, 'combined_disc': True, 'use_gt_lengths': False, 'use_uniform_lengths': False, 'num_cores': None, 'sn_mode': None, 'scale': 1.0, 'extra_checkpoint_freq': 50000, 'epoch_checkpoint_freq': 400, 'dp_noise_multiplier': None, 'dp_l2_norm_clip': None, 'use_adaptive_rolling': False, 'attribute_latent_dim': 5, 'feature_latent_dim': 5, 'epochs': 1000, 'dataset': '../../results/cidds/pre_processed_data/chunkid-0', 'dataset_expand': True, 'sub_result_folder': 'chunkid-0/sample_len-5', 'result_folder': '../../results/cidds/models/chunkid-0/sample_len-5', 'restore': False, 'chunk_id': 0, 'eval_root_folder': '../../results/cidds/generated_data/sample_len-5', 'given_data_attribute_flag': True}
Generating from a given data attribute!
Processing epoch_id: 799
generate 1-th sample from epoch_id-799
Finished loading
Processing epoch_id: 399
generate 1-th sample from epoch_id-399
Finished loading
DoppelGANgerTorchModel._generate
Currently generating with config: {'overwrite': True, 'original_data_file': '../../traces/cidds/raw.csv', 'dataset_type': 'netflow', 'n_chunks': 10, 'dp': False, 'allowed_data_types': ['ip_string', 'integer', 'float', 'string'], 'allowed_data_encodings': ['categorical', 'bit', 'word2vec_port', 'word2vec_proto'], 'pretrain_dir': '../../results/cidds/models/chunkid-0/sample_len-5/checkpoint/epoch_id-799.pt', 'skip_chunk0_train': False, 'pretrain_non_dp': True, 'pretrain_non_dp_reduce_time': 4.0, 'pretrain_dp': False, 'run': 0, 'batch_size': 1024, 'sample_len': 5, 'sample_len_expand': True, 'iteration': 200000, 'vis_freq': 100000, 'vis_num_sample': 5, 'd_rounds': 5, 'g_rounds': 1, 'num_packing': 1, 'noise': True, 'attr_noise_type': 'normal', 'feature_noise_type': 'normal', 'rnn_mlp_num_layers': 0, 'feed_back': False, 'g_lr': 0.0001, 'g_beta1': 0.5, 'd_lr': 0.0001, 'd_beta1': 0.5, 'd_gp_coe': 10.0, 'adam_eps': 1e-08, 'adam_amsgrad': False, 'generator_feature_num_layers': 1, 'generator_feature_num_units': 100, 'generator_attribute_num_layers': 5, 'generator_attribute_num_units': 512, 'discriminator_num_layers': 5, 'discriminator_num_units': 512, 'initial_state': 'random', 'leaky_relu': False, 'attr_d_lr': 0.0001, 'attr_d_beta1': 0.5, 'attr_d_gp_coe': 10.0, 'g_attr_d_coe': 1.0, 'attr_discriminator_num_layers': 5, 'attr_discriminator_num_units': 512, 'use_attr_discriminator': True, 'self_norm': False, 'fix_feature_network': False, 'debug': False, 'combined_disc': True, 'use_gt_lengths': False, 'use_uniform_lengths': False, 'num_cores': None, 'sn_mode': None, 'scale': 1.0, 'extra_checkpoint_freq': 50000, 'epoch_checkpoint_freq': 400, 'dp_noise_multiplier': None, 'dp_l2_norm_clip': None, 'use_adaptive_rolling': False, 'attribute_latent_dim': 5, 'feature_latent_dim': 5, 'epochs': 250, 'dataset': '../../results/cidds/pre_processed_data/chunkid-1', 'dataset_expand': True, 'sub_result_folder': 'chunkid-1/sample_len-5', 'result_folder': '../../results/cidds/models/chunkid-1/sample_len-5', 'restore': True, 'chunk_id': 1, 'eval_root_folder': '../../results/cidds/generated_data/sample_len-5', 'given_data_attribute_flag': True}
Generating from a given data attribute!
DoppelGANgerTorchModel._generate
Currently generating with config: {'overwrite': True, 'original_data_file': '../../traces/cidds/raw.csv', 'dataset_type': 'netflow', 'n_chunks': 10, 'dp': False, 'allowed_data_types': ['ip_string', 'integer', 'float', 'string'], 'allowed_data_encodings': ['categorical', 'bit', 'word2vec_port', 'word2vec_proto'], 'pretrain_dir': '../../results/cidds/models/chunkid-0/sample_len-5/checkpoint/epoch_id-799.pt', 'skip_chunk0_train': False, 'pretrain_non_dp': True, 'pretrain_non_dp_reduce_time': 4.0, 'pretrain_dp': False, 'run': 0, 'batch_size': 1024, 'sample_len': 5, 'sample_len_expand': True, 'iteration': 200000, 'vis_freq': 100000, 'vis_num_sample': 5, 'd_rounds': 5, 'g_rounds': 1, 'num_packing': 1, 'noise': True, 'attr_noise_type': 'normal', 'feature_noise_type': 'normal', 'rnn_mlp_num_layers': 0, 'feed_back': False, 'g_lr': 0.0001, 'g_beta1': 0.5, 'd_lr': 0.0001, 'd_beta1': 0.5, 'd_gp_coe': 10.0, 'adam_eps': 1e-08, 'adam_amsgrad': False, 'generator_feature_num_layers': 1, 'generator_feature_num_units': 100, 'generator_attribute_num_layers': 5, 'generator_attribute_num_units': 512, 'discriminator_num_layers': 5, 'discriminator_num_units': 512, 'initial_state': 'random', 'leaky_relu': False, 'attr_d_lr': 0.0001, 'attr_d_beta1': 0.5, 'attr_d_gp_coe': 10.0, 'g_attr_d_coe': 1.0, 'attr_discriminator_num_layers': 5, 'attr_discriminator_num_units': 512, 'use_attr_discriminator': True, 'self_norm': False, 'fix_feature_network': False, 'debug': False, 'combined_disc': True, 'use_gt_lengths': False, 'use_uniform_lengths': False, 'num_cores': None, 'sn_mode': None, 'scale': 1.0, 'extra_checkpoint_freq': 50000, 'epoch_checkpoint_freq': 400, 'dp_noise_multiplier': None, 'dp_l2_norm_clip': None, 'use_adaptive_rolling': False, 'attribute_latent_dim': 5, 'feature_latent_dim': 5, 'epochs': 250, 'dataset': '../../results/cidds/pre_processed_data/chunkid-2', 'dataset_expand': True, 'sub_result_folder': 'chunkid-2/sample_len-5', 'result_folder': '../../results/cidds/models/chunkid-2/sample_len-5', 'restore': True, 'chunk_id': 2, 'eval_root_folder': '../../results/cidds/generated_data/sample_len-5', 'given_data_attribute_flag': True}
Generating from a given data attribute!
DoppelGANgerTorchModel._generate
Currently generating with config: {'overwrite': True, 'original_data_file': '../../traces/cidds/raw.csv', 'dataset_type': 'netflow', 'n_chunks': 10, 'dp': False, 'allowed_data_types': ['ip_string', 'integer', 'float', 'string'], 'allowed_data_encodings': ['categorical', 'bit', 'word2vec_port', 'word2vec_proto'], 'pretrain_dir': '../../results/cidds/models/chunkid-0/sample_len-5/checkpoint/epoch_id-799.pt', 'skip_chunk0_train': False, 'pretrain_non_dp': True, 'pretrain_non_dp_reduce_time': 4.0, 'pretrain_dp': False, 'run': 0, 'batch_size': 1024, 'sample_len': 5, 'sample_len_expand': True, 'iteration': 200000, 'vis_freq': 100000, 'vis_num_sample': 5, 'd_rounds': 5, 'g_rounds': 1, 'num_packing': 1, 'noise': True, 'attr_noise_type': 'normal', 'feature_noise_type': 'normal', 'rnn_mlp_num_layers': 0, 'feed_back': False, 'g_lr': 0.0001, 'g_beta1': 0.5, 'd_lr': 0.0001, 'd_beta1': 0.5, 'd_gp_coe': 10.0, 'adam_eps': 1e-08, 'adam_amsgrad': False, 'generator_feature_num_layers': 1, 'generator_feature_num_units': 100, 'generator_attribute_num_layers': 5, 'generator_attribute_num_units': 512, 'discriminator_num_layers': 5, 'discriminator_num_units': 512, 'initial_state': 'random', 'leaky_relu': False, 'attr_d_lr': 0.0001, 'attr_d_beta1': 0.5, 'attr_d_gp_coe': 10.0, 'g_attr_d_coe': 1.0, 'attr_discriminator_num_layers': 5, 'attr_discriminator_num_units': 512, 'use_attr_discriminator': True, 'self_norm': False, 'fix_feature_network': False, 'debug': False, 'combined_disc': True, 'use_gt_lengths': False, 'use_uniform_lengths': False, 'num_cores': None, 'sn_mode': None, 'scale': 1.0, 'extra_checkpoint_freq': 50000, 'epoch_checkpoint_freq': 400, 'dp_noise_multiplier': None, 'dp_l2_norm_clip': None, 'use_adaptive_rolling': False, 'attribute_latent_dim': 5, 'feature_latent_dim': 5, 'epochs': 250, 'dataset': '../../results/cidds/pre_processed_data/chunkid-3', 'dataset_expand': True, 'sub_result_folder': 'chunkid-3/sample_len-5', 'result_folder': '../../results/cidds/models/chunkid-3/sample_len-5', 'restore': True, 'chunk_id': 3, 'eval_root_folder': '../../results/cidds/generated_data/sample_len-5', 'given_data_attribute_flag': True}
Generating from a given data attribute!
DoppelGANgerTorchModel._generate
Currently generating with config: {'overwrite': True, 'original_data_file': '../../traces/cidds/raw.csv', 'dataset_type': 'netflow', 'n_chunks': 10, 'dp': False, 'allowed_data_types': ['ip_string', 'integer', 'float', 'string'], 'allowed_data_encodings': ['categorical', 'bit', 'word2vec_port', 'word2vec_proto'], 'pretrain_dir': '../../results/cidds/models/chunkid-0/sample_len-5/checkpoint/epoch_id-799.pt', 'skip_chunk0_train': False, 'pretrain_non_dp': True, 'pretrain_non_dp_reduce_time': 4.0, 'pretrain_dp': False, 'run': 0, 'batch_size': 1024, 'sample_len': 5, 'sample_len_expand': True, 'iteration': 200000, 'vis_freq': 100000, 'vis_num_sample': 5, 'd_rounds': 5, 'g_rounds': 1, 'num_packing': 1, 'noise': True, 'attr_noise_type': 'normal', 'feature_noise_type': 'normal', 'rnn_mlp_num_layers': 0, 'feed_back': False, 'g_lr': 0.0001, 'g_beta1': 0.5, 'd_lr': 0.0001, 'd_beta1': 0.5, 'd_gp_coe': 10.0, 'adam_eps': 1e-08, 'adam_amsgrad': False, 'generator_feature_num_layers': 1, 'generator_feature_num_units': 100, 'generator_attribute_num_layers': 5, 'generator_attribute_num_units': 512, 'discriminator_num_layers': 5, 'discriminator_num_units': 512, 'initial_state': 'random', 'leaky_relu': False, 'attr_d_lr': 0.0001, 'attr_d_beta1': 0.5, 'attr_d_gp_coe': 10.0, 'g_attr_d_coe': 1.0, 'attr_discriminator_num_layers': 5, 'attr_discriminator_num_units': 512, 'use_attr_discriminator': True, 'self_norm': False, 'fix_feature_network': False, 'debug': False, 'combined_disc': True, 'use_gt_lengths': False, 'use_uniform_lengths': False, 'num_cores': None, 'sn_mode': None, 'scale': 1.0, 'extra_checkpoint_freq': 50000, 'epoch_checkpoint_freq': 400, 'dp_noise_multiplier': None, 'dp_l2_norm_clip': None, 'use_adaptive_rolling': False, 'attribute_latent_dim': 5, 'feature_latent_dim': 5, 'epochs': 250, 'dataset': '../../results/cidds/pre_processed_data/chunkid-4', 'dataset_expand': True, 'sub_result_folder': 'chunkid-4/sample_len-5', 'result_folder': '../../results/cidds/models/chunkid-4/sample_len-5', 'restore': True, 'chunk_id': 4, 'eval_root_folder': '../../results/cidds/generated_data/sample_len-5', 'given_data_attribute_flag': True}
Generating from a given data attribute!
DoppelGANgerTorchModel._generate
Currently generating with config: {'overwrite': True, 'original_data_file': '../../traces/cidds/raw.csv', 'dataset_type': 'netflow', 'n_chunks': 10, 'dp': False, 'allowed_data_types': ['ip_string', 'integer', 'float', 'string'], 'allowed_data_encodings': ['categorical', 'bit', 'word2vec_port', 'word2vec_proto'], 'pretrain_dir': '../../results/cidds/models/chunkid-0/sample_len-5/checkpoint/epoch_id-799.pt', 'skip_chunk0_train': False, 'pretrain_non_dp': True, 'pretrain_non_dp_reduce_time': 4.0, 'pretrain_dp': False, 'run': 0, 'batch_size': 1024, 'sample_len': 5, 'sample_len_expand': True, 'iteration': 200000, 'vis_freq': 100000, 'vis_num_sample': 5, 'd_rounds': 5, 'g_rounds': 1, 'num_packing': 1, 'noise': True, 'attr_noise_type': 'normal', 'feature_noise_type': 'normal', 'rnn_mlp_num_layers': 0, 'feed_back': False, 'g_lr': 0.0001, 'g_beta1': 0.5, 'd_lr': 0.0001, 'd_beta1': 0.5, 'd_gp_coe': 10.0, 'adam_eps': 1e-08, 'adam_amsgrad': False, 'generator_feature_num_layers': 1, 'generator_feature_num_units': 100, 'generator_attribute_num_layers': 5, 'generator_attribute_num_units': 512, 'discriminator_num_layers': 5, 'discriminator_num_units': 512, 'initial_state': 'random', 'leaky_relu': False, 'attr_d_lr': 0.0001, 'attr_d_beta1': 0.5, 'attr_d_gp_coe': 10.0, 'g_attr_d_coe': 1.0, 'attr_discriminator_num_layers': 5, 'attr_discriminator_num_units': 512, 'use_attr_discriminator': True, 'self_norm': False, 'fix_feature_network': False, 'debug': False, 'combined_disc': True, 'use_gt_lengths': False, 'use_uniform_lengths': False, 'num_cores': None, 'sn_mode': None, 'scale': 1.0, 'extra_checkpoint_freq': 50000, 'epoch_checkpoint_freq': 400, 'dp_noise_multiplier': None, 'dp_l2_norm_clip': None, 'use_adaptive_rolling': False, 'attribute_latent_dim': 5, 'feature_latent_dim': 5, 'epochs': 250, 'dataset': '../../results/cidds/pre_processed_data/chunkid-5', 'dataset_expand': True, 'sub_result_folder': 'chunkid-5/sample_len-5', 'result_folder': '../../results/cidds/models/chunkid-5/sample_len-5', 'restore': True, 'chunk_id': 5, 'eval_root_folder': '../../results/cidds/generated_data/sample_len-5', 'given_data_attribute_flag': True}
Generating from a given data attribute!
DoppelGANgerTorchModel._generate
Currently generating with config: {'overwrite': True, 'original_data_file': '../../traces/cidds/raw.csv', 'dataset_type': 'netflow', 'n_chunks': 10, 'dp': False, 'allowed_data_types': ['ip_string', 'integer', 'float', 'string'], 'allowed_data_encodings': ['categorical', 'bit', 'word2vec_port', 'word2vec_proto'], 'pretrain_dir': '../../results/cidds/models/chunkid-0/sample_len-5/checkpoint/epoch_id-799.pt', 'skip_chunk0_train': False, 'pretrain_non_dp': True, 'pretrain_non_dp_reduce_time': 4.0, 'pretrain_dp': False, 'run': 0, 'batch_size': 1024, 'sample_len': 5, 'sample_len_expand': True, 'iteration': 200000, 'vis_freq': 100000, 'vis_num_sample': 5, 'd_rounds': 5, 'g_rounds': 1, 'num_packing': 1, 'noise': True, 'attr_noise_type': 'normal', 'feature_noise_type': 'normal', 'rnn_mlp_num_layers': 0, 'feed_back': False, 'g_lr': 0.0001, 'g_beta1': 0.5, 'd_lr': 0.0001, 'd_beta1': 0.5, 'd_gp_coe': 10.0, 'adam_eps': 1e-08, 'adam_amsgrad': False, 'generator_feature_num_layers': 1, 'generator_feature_num_units': 100, 'generator_attribute_num_layers': 5, 'generator_attribute_num_units': 512, 'discriminator_num_layers': 5, 'discriminator_num_units': 512, 'initial_state': 'random', 'leaky_relu': False, 'attr_d_lr': 0.0001, 'attr_d_beta1': 0.5, 'attr_d_gp_coe': 10.0, 'g_attr_d_coe': 1.0, 'attr_discriminator_num_layers': 5, 'attr_discriminator_num_units': 512, 'use_attr_discriminator': True, 'self_norm': False, 'fix_feature_network': False, 'debug': False, 'combined_disc': True, 'use_gt_lengths': False, 'use_uniform_lengths': False, 'num_cores': None, 'sn_mode': None, 'scale': 1.0, 'extra_checkpoint_freq': 50000, 'epoch_checkpoint_freq': 400, 'dp_noise_multiplier': None, 'dp_l2_norm_clip': None, 'use_adaptive_rolling': False, 'attribute_latent_dim': 5, 'feature_latent_dim': 5, 'epochs': 250, 'dataset': '../../results/cidds/pre_processed_data/chunkid-6', 'dataset_expand': True, 'sub_result_folder': 'chunkid-6/sample_len-5', 'result_folder': '../../results/cidds/models/chunkid-6/sample_len-5', 'restore': True, 'chunk_id': 6, 'eval_root_folder': '../../results/cidds/generated_data/sample_len-5', 'given_data_attribute_flag': True}
Generating from a given data attribute!
DoppelGANgerTorchModel._generate
Currently generating with config: {'overwrite': True, 'original_data_file': '../../traces/cidds/raw.csv', 'dataset_type': 'netflow', 'n_chunks': 10, 'dp': False, 'allowed_data_types': ['ip_string', 'integer', 'float', 'string'], 'allowed_data_encodings': ['categorical', 'bit', 'word2vec_port', 'word2vec_proto'], 'pretrain_dir': '../../results/cidds/models/chunkid-0/sample_len-5/checkpoint/epoch_id-799.pt', 'skip_chunk0_train': False, 'pretrain_non_dp': True, 'pretrain_non_dp_reduce_time': 4.0, 'pretrain_dp': False, 'run': 0, 'batch_size': 1024, 'sample_len': 5, 'sample_len_expand': True, 'iteration': 200000, 'vis_freq': 100000, 'vis_num_sample': 5, 'd_rounds': 5, 'g_rounds': 1, 'num_packing': 1, 'noise': True, 'attr_noise_type': 'normal', 'feature_noise_type': 'normal', 'rnn_mlp_num_layers': 0, 'feed_back': False, 'g_lr': 0.0001, 'g_beta1': 0.5, 'd_lr': 0.0001, 'd_beta1': 0.5, 'd_gp_coe': 10.0, 'adam_eps': 1e-08, 'adam_amsgrad': False, 'generator_feature_num_layers': 1, 'generator_feature_num_units': 100, 'generator_attribute_num_layers': 5, 'generator_attribute_num_units': 512, 'discriminator_num_layers': 5, 'discriminator_num_units': 512, 'initial_state': 'random', 'leaky_relu': False, 'attr_d_lr': 0.0001, 'attr_d_beta1': 0.5, 'attr_d_gp_coe': 10.0, 'g_attr_d_coe': 1.0, 'attr_discriminator_num_layers': 5, 'attr_discriminator_num_units': 512, 'use_attr_discriminator': True, 'self_norm': False, 'fix_feature_network': False, 'debug': False, 'combined_disc': True, 'use_gt_lengths': False, 'use_uniform_lengths': False, 'num_cores': None, 'sn_mode': None, 'scale': 1.0, 'extra_checkpoint_freq': 50000, 'epoch_checkpoint_freq': 400, 'dp_noise_multiplier': None, 'dp_l2_norm_clip': None, 'use_adaptive_rolling': False, 'attribute_latent_dim': 5, 'feature_latent_dim': 5, 'epochs': 250, 'dataset': '../../results/cidds/pre_processed_data/chunkid-7', 'dataset_expand': True, 'sub_result_folder': 'chunkid-7/sample_len-5', 'result_folder': '../../results/cidds/models/chunkid-7/sample_len-5', 'restore': True, 'chunk_id': 7, 'eval_root_folder': '../../results/cidds/generated_data/sample_len-5', 'given_data_attribute_flag': True}
Generating from a given data attribute!
DoppelGANgerTorchModel._generate
Currently generating with config: {'overwrite': True, 'original_data_file': '../../traces/cidds/raw.csv', 'dataset_type': 'netflow', 'n_chunks': 10, 'dp': False, 'allowed_data_types': ['ip_string', 'integer', 'float', 'string'], 'allowed_data_encodings': ['categorical', 'bit', 'word2vec_port', 'word2vec_proto'], 'pretrain_dir': '../../results/cidds/models/chunkid-0/sample_len-5/checkpoint/epoch_id-799.pt', 'skip_chunk0_train': False, 'pretrain_non_dp': True, 'pretrain_non_dp_reduce_time': 4.0, 'pretrain_dp': False, 'run': 0, 'batch_size': 1024, 'sample_len': 5, 'sample_len_expand': True, 'iteration': 200000, 'vis_freq': 100000, 'vis_num_sample': 5, 'd_rounds': 5, 'g_rounds': 1, 'num_packing': 1, 'noise': True, 'attr_noise_type': 'normal', 'feature_noise_type': 'normal', 'rnn_mlp_num_layers': 0, 'feed_back': False, 'g_lr': 0.0001, 'g_beta1': 0.5, 'd_lr': 0.0001, 'd_beta1': 0.5, 'd_gp_coe': 10.0, 'adam_eps': 1e-08, 'adam_amsgrad': False, 'generator_feature_num_layers': 1, 'generator_feature_num_units': 100, 'generator_attribute_num_layers': 5, 'generator_attribute_num_units': 512, 'discriminator_num_layers': 5, 'discriminator_num_units': 512, 'initial_state': 'random', 'leaky_relu': False, 'attr_d_lr': 0.0001, 'attr_d_beta1': 0.5, 'attr_d_gp_coe': 10.0, 'g_attr_d_coe': 1.0, 'attr_discriminator_num_layers': 5, 'attr_discriminator_num_units': 512, 'use_attr_discriminator': True, 'self_norm': False, 'fix_feature_network': False, 'debug': False, 'combined_disc': True, 'use_gt_lengths': False, 'use_uniform_lengths': False, 'num_cores': None, 'sn_mode': None, 'scale': 1.0, 'extra_checkpoint_freq': 50000, 'epoch_checkpoint_freq': 400, 'dp_noise_multiplier': None, 'dp_l2_norm_clip': None, 'use_adaptive_rolling': False, 'attribute_latent_dim': 5, 'feature_latent_dim': 5, 'epochs': 250, 'dataset': '../../results/cidds/pre_processed_data/chunkid-8', 'dataset_expand': True, 'sub_result_folder': 'chunkid-8/sample_len-5', 'result_folder': '../../results/cidds/models/chunkid-8/sample_len-5', 'restore': True, 'chunk_id': 8, 'eval_root_folder': '../../results/cidds/generated_data/sample_len-5', 'given_data_attribute_flag': True}
Generating from a given data attribute!
DoppelGANgerTorchModel._generate
Currently generating with config: {'overwrite': True, 'original_data_file': '../../traces/cidds/raw.csv', 'dataset_type': 'netflow', 'n_chunks': 10, 'dp': False, 'allowed_data_types': ['ip_string', 'integer', 'float', 'string'], 'allowed_data_encodings': ['categorical', 'bit', 'word2vec_port', 'word2vec_proto'], 'pretrain_dir': '../../results/cidds/models/chunkid-0/sample_len-5/checkpoint/epoch_id-799.pt', 'skip_chunk0_train': False, 'pretrain_non_dp': True, 'pretrain_non_dp_reduce_time': 4.0, 'pretrain_dp': False, 'run': 0, 'batch_size': 1024, 'sample_len': 5, 'sample_len_expand': True, 'iteration': 200000, 'vis_freq': 100000, 'vis_num_sample': 5, 'd_rounds': 5, 'g_rounds': 1, 'num_packing': 1, 'noise': True, 'attr_noise_type': 'normal', 'feature_noise_type': 'normal', 'rnn_mlp_num_layers': 0, 'feed_back': False, 'g_lr': 0.0001, 'g_beta1': 0.5, 'd_lr': 0.0001, 'd_beta1': 0.5, 'd_gp_coe': 10.0, 'adam_eps': 1e-08, 'adam_amsgrad': False, 'generator_feature_num_layers': 1, 'generator_feature_num_units': 100, 'generator_attribute_num_layers': 5, 'generator_attribute_num_units': 512, 'discriminator_num_layers': 5, 'discriminator_num_units': 512, 'initial_state': 'random', 'leaky_relu': False, 'attr_d_lr': 0.0001, 'attr_d_beta1': 0.5, 'attr_d_gp_coe': 10.0, 'g_attr_d_coe': 1.0, 'attr_discriminator_num_layers': 5, 'attr_discriminator_num_units': 512, 'use_attr_discriminator': True, 'self_norm': False, 'fix_feature_network': False, 'debug': False, 'combined_disc': True, 'use_gt_lengths': False, 'use_uniform_lengths': False, 'num_cores': None, 'sn_mode': None, 'scale': 1.0, 'extra_checkpoint_freq': 50000, 'epoch_checkpoint_freq': 400, 'dp_noise_multiplier': None, 'dp_l2_norm_clip': None, 'use_adaptive_rolling': False, 'attribute_latent_dim': 5, 'feature_latent_dim': 5, 'epochs': 250, 'dataset': '../../results/cidds/pre_processed_data/chunkid-9', 'dataset_expand': True, 'sub_result_folder': 'chunkid-9/sample_len-5', 'result_folder': '../../results/cidds/models/chunkid-9/sample_len-5', 'restore': True, 'chunk_id': 9, 'eval_root_folder': '../../results/cidds/generated_data/sample_len-5', 'given_data_attribute_flag': True}
Generating from a given data attribute!
Finish generating features given attributes ...
NetsharePrePostProcessor._post_process
