[KeOps] Warning : Cuda libraries were not detected on the system ; using cpu only mode
Ray is disabled
NetsharePrePostProcessor._pre_process
../../traces/caida/raw.csv
dataset type: pcap
metadata cols: ['srcip', 'dstip', 'srcport', 'dstport', 'proto']
word2vec cols: ['srcport', 'dstport', 'proto']
Training Word2Vec model from scratch...
Word2Vec model is saved at /scratch/xl3665/results/caida/pre_processed_data/word2vec_vecSize_10.model
Building annoy dictionary word2vec...
{'port': ['srcport', 'dstport'], 'proto': ['proto']}
Finish building Angular trees...
metadata fields: ['srcip', 'dstip', 'srcport', 'dstport', 'proto']
timeseries fields: ['pkt_len', 'tos', 'id', 'flag', 'off', 'ttl']
Using fixed_time
10
Chunk_id: 0, # of pkts/records: 98008
Chunk_id: 1, # of pkts/records: 95218
Chunk_id: 2, # of pkts/records: 100909
Chunk_id: 3, # of pkts/records: 100379
Chunk_id: 4, # of pkts/records: 103084
Chunk_id: 5, # of pkts/records: 98474
Chunk_id: 6, # of pkts/records: 98525
Chunk_id: 7, # of pkts/records: 103053
Chunk_id: 8, # of pkts/records: 97535
Chunk_id: 9, # of pkts/records: 104815
df_chunk_cnt_validation: 1000000
Chunk time: 0.2342869 seconds
compute flowkey-chunk list from scratch...
processing chunk 1/10, # of flows: 20106
processing chunk 2/10, # of flows: 20558
processing chunk 3/10, # of flows: 20489
processing chunk 4/10, # of flows: 20098
processing chunk 5/10, # of flows: 20070
processing chunk 6/10, # of flows: 20407
processing chunk 7/10, # of flows: 20047
processing chunk 8/10, # of flows: 20043
processing chunk 9/10, # of flows: 20137
processing chunk 10/10, # of flows: 20514
# of total flows: 95755
# of total flows (sanity check): 95755
# of flows cross chunk (of total flows): 38350 (40.050127930656366%)
# of non-continuous flows: 13463
chunk_id: 0, max_flow_len: 1876
chunk_id: 1, max_flow_len: 1932
chunk_id: 2, max_flow_len: 1995
chunk_id: 3, max_flow_len: 2202
chunk_id: 4, max_flow_len: 2232
chunk_id: 5, max_flow_len: 2432
chunk_id: 6, max_flow_len: 2444
chunk_id: 7, max_flow_len: 2682
chunk_id: 8, max_flow_len: 2657
chunk_id: 9, max_flow_len: 1904
global max flow len: 2682
Top 10 per-chunk flow length: [1876, 1904, 1932, 1995, 2202, 2232, 2432, 2444, 2657, 2682]

Chunk_id: 0
Before truncation, df_per_chunk: (98008, 15)
After truncation, df_per_chunk: (98008, 15)
df_per_chunk: (98008, 176)
data_attribute: (20106, 181), 0.029113488GB in memory
data_feature: (20106, 2682, 9), 3.882549024GB in memory
data_gen_flag: (20106, 2682), 0.431394336GB in memory

Chunk_id: 1
Before truncation, df_per_chunk: (95218, 15)
After truncation, df_per_chunk: (95218, 15)
df_per_chunk: (95218, 176)
data_attribute: (20558, 181), 0.029767984GB in memory
data_feature: (20558, 2682, 9), 3.969832032GB in memory
data_gen_flag: (20558, 2682), 0.441092448GB in memory

Chunk_id: 2
Before truncation, df_per_chunk: (100909, 15)
After truncation, df_per_chunk: (100909, 15)
df_per_chunk: (100909, 176)
data_attribute: (20489, 181), 0.029668072GB in memory
data_feature: (20489, 2682, 9), 3.956507856GB in memory
data_gen_flag: (20489, 2682), 0.439611984GB in memory

Chunk_id: 3
Before truncation, df_per_chunk: (100379, 15)
After truncation, df_per_chunk: (100379, 15)
df_per_chunk: (100379, 176)
data_attribute: (20098, 181), 0.029101904GB in memory
data_feature: (20098, 2682, 9), 3.881004192GB in memory
data_gen_flag: (20098, 2682), 0.431222688GB in memory

Chunk_id: 4
Before truncation, df_per_chunk: (103084, 15)
After truncation, df_per_chunk: (103084, 15)
df_per_chunk: (103084, 176)
data_attribute: (20070, 181), 0.02906136GB in memory
data_feature: (20070, 2682, 9), 3.87559728GB in memory
data_gen_flag: (20070, 2682), 0.43062192GB in memory

Chunk_id: 5
Before truncation, df_per_chunk: (98474, 15)
After truncation, df_per_chunk: (98474, 15)
df_per_chunk: (98474, 176)
data_attribute: (20407, 181), 0.029549336GB in memory
data_feature: (20407, 2682, 9), 3.940673328GB in memory
data_gen_flag: (20407, 2682), 0.437852592GB in memory

Chunk_id: 6
Before truncation, df_per_chunk: (98525, 15)
After truncation, df_per_chunk: (98525, 15)
df_per_chunk: (98525, 176)
data_attribute: (20047, 181), 0.029028056GB in memory
data_feature: (20047, 2682, 9), 3.871155888GB in memory
data_gen_flag: (20047, 2682), 0.430128432GB in memory

Chunk_id: 7
Before truncation, df_per_chunk: (103053, 15)
After truncation, df_per_chunk: (103053, 15)
df_per_chunk: (103053, 176)
data_attribute: (20043, 181), 0.029022264GB in memory
data_feature: (20043, 2682, 9), 3.870383472GB in memory
data_gen_flag: (20043, 2682), 0.430042608GB in memory

Chunk_id: 8
Before truncation, df_per_chunk: (97535, 15)
After truncation, df_per_chunk: (97535, 15)
df_per_chunk: (97535, 176)
data_attribute: (20137, 181), 0.029158376GB in memory
data_feature: (20137, 2682, 9), 3.888535248GB in memory
data_gen_flag: (20137, 2682), 0.432059472GB in memory

Chunk_id: 9
Before truncation, df_per_chunk: (104815, 15)
After truncation, df_per_chunk: (104815, 15)
df_per_chunk: (104815, 176)
data_attribute: (20514, 181), 0.029704272GB in memory
data_feature: (20514, 2682, 9), 3.961335456GB in memory
data_gen_flag: (20514, 2682), 0.440148384GB in memory
NetShareManager._train
Chunk 0 is valid
Chunk 1 is valid
Chunk 2 is valid
Chunk 3 is valid
Chunk 4 is valid
Chunk 5 is valid
Chunk 6 is valid
Chunk 7 is valid
Chunk 8 is valid
Chunk 9 is valid
Number of valid chunks: 10
Number of configurations after expanded: 10
[{'dp_noise_multiplier': None, 'dp': False, 'pretrain': True, 'config_ids': [0, 1, 2, 3, 4, 5, 6, 7, 8, 9]}]
Config group 0: DP: False, pretrain: True
Start launching chunk0 experiments...
DoppelGANgerTorchModel._train
Currently training with config: {'overwrite': True, 'original_data_file': '../../traces/caida/raw.csv', 'dataset_type': 'pcap', 'n_chunks': 10, 'dp': False, 'allowed_data_types': ['ip_string', 'integer', 'float', 'string'], 'allowed_data_encodings': ['categorical', 'bit', 'word2vec_port', 'word2vec_proto'], 'pretrain_dir': '/scratch/xl3665/results/caida/models/chunkid-0/sample_len-5/checkpoint/epoch_id-999.pt', 'skip_chunk0_train': False, 'pretrain_non_dp': True, 'pretrain_non_dp_reduce_time': 4.0, 'pretrain_dp': False, 'run': 0, 'batch_size': 100, 'sample_len': 5, 'sample_len_expand': True, 'iteration': 200000, 'vis_freq': 100000, 'vis_num_sample': 5, 'd_rounds': 5, 'g_rounds': 1, 'num_packing': 1, 'noise': True, 'attr_noise_type': 'normal', 'feature_noise_type': 'normal', 'rnn_mlp_num_layers': 0, 'feed_back': False, 'g_lr': 0.0001, 'g_beta1': 0.5, 'd_lr': 0.0001, 'd_beta1': 0.5, 'd_gp_coe': 10.0, 'adam_eps': 1e-08, 'adam_amsgrad': False, 'generator_feature_num_layers': 1, 'generator_feature_num_units': 100, 'generator_attribute_num_layers': 5, 'generator_attribute_num_units': 512, 'discriminator_num_layers': 5, 'discriminator_num_units': 512, 'initial_state': 'random', 'leaky_relu': False, 'attr_d_lr': 0.0001, 'attr_d_beta1': 0.5, 'attr_d_gp_coe': 10.0, 'g_attr_d_coe': 1.0, 'attr_discriminator_num_layers': 5, 'attr_discriminator_num_units': 512, 'use_attr_discriminator': True, 'self_norm': False, 'fix_feature_network': False, 'debug': False, 'combined_disc': True, 'use_gt_lengths': False, 'use_uniform_lengths': False, 'num_cores': None, 'sn_mode': None, 'scale': 1.0, 'extra_checkpoint_freq': 10000, 'epoch_checkpoint_freq': 200, 'dp_noise_multiplier': None, 'dp_l2_norm_clip': None, 'use_adaptive_rolling': False, 'attribute_latent_dim': 5, 'feature_latent_dim': 5, 'epochs': 1000, 'dataset': '/scratch/xl3665/results/caida/pre_processed_data/chunkid-0', 'dataset_expand': True, 'sub_result_folder': 'chunkid-0/sample_len-5', 'result_folder': '/scratch/xl3665/results/caida/models/chunkid-0/sample_len-5', 'restore': False}
Finish launching chunk0 experiments ...
Start waiting for other chunks from config_group_id 0 experiments finished ...
DoppelGANgerTorchModel._train
Currently training with config: {'overwrite': True, 'original_data_file': '../../traces/caida/raw.csv', 'dataset_type': 'pcap', 'n_chunks': 10, 'dp': False, 'allowed_data_types': ['ip_string', 'integer', 'float', 'string'], 'allowed_data_encodings': ['categorical', 'bit', 'word2vec_port', 'word2vec_proto'], 'pretrain_dir': '/scratch/xl3665/results/caida/models/chunkid-0/sample_len-5/checkpoint/epoch_id-999.pt', 'skip_chunk0_train': False, 'pretrain_non_dp': True, 'pretrain_non_dp_reduce_time': 4.0, 'pretrain_dp': False, 'run': 0, 'batch_size': 100, 'sample_len': 5, 'sample_len_expand': True, 'iteration': 200000, 'vis_freq': 100000, 'vis_num_sample': 5, 'd_rounds': 5, 'g_rounds': 1, 'num_packing': 1, 'noise': True, 'attr_noise_type': 'normal', 'feature_noise_type': 'normal', 'rnn_mlp_num_layers': 0, 'feed_back': False, 'g_lr': 0.0001, 'g_beta1': 0.5, 'd_lr': 0.0001, 'd_beta1': 0.5, 'd_gp_coe': 10.0, 'adam_eps': 1e-08, 'adam_amsgrad': False, 'generator_feature_num_layers': 1, 'generator_feature_num_units': 100, 'generator_attribute_num_layers': 5, 'generator_attribute_num_units': 512, 'discriminator_num_layers': 5, 'discriminator_num_units': 512, 'initial_state': 'random', 'leaky_relu': False, 'attr_d_lr': 0.0001, 'attr_d_beta1': 0.5, 'attr_d_gp_coe': 10.0, 'g_attr_d_coe': 1.0, 'attr_discriminator_num_layers': 5, 'attr_discriminator_num_units': 512, 'use_attr_discriminator': True, 'self_norm': False, 'fix_feature_network': False, 'debug': False, 'combined_disc': True, 'use_gt_lengths': False, 'use_uniform_lengths': False, 'num_cores': None, 'sn_mode': None, 'scale': 1.0, 'extra_checkpoint_freq': 10000, 'epoch_checkpoint_freq': 200, 'dp_noise_multiplier': None, 'dp_l2_norm_clip': None, 'use_adaptive_rolling': False, 'attribute_latent_dim': 5, 'feature_latent_dim': 5, 'epochs': 250, 'dataset': '/scratch/xl3665/results/caida/pre_processed_data/chunkid-1', 'dataset_expand': True, 'sub_result_folder': 'chunkid-1/sample_len-5', 'result_folder': '/scratch/xl3665/results/caida/models/chunkid-1/sample_len-5', 'restore': True}
Load pre-trained model from /scratch/xl3665/results/caida/models/chunkid-0/sample_len-5/checkpoint/epoch_id-999.pt...
DoppelGANgerTorchModel._train
Currently training with config: {'overwrite': True, 'original_data_file': '../../traces/caida/raw.csv', 'dataset_type': 'pcap', 'n_chunks': 10, 'dp': False, 'allowed_data_types': ['ip_string', 'integer', 'float', 'string'], 'allowed_data_encodings': ['categorical', 'bit', 'word2vec_port', 'word2vec_proto'], 'pretrain_dir': '/scratch/xl3665/results/caida/models/chunkid-0/sample_len-5/checkpoint/epoch_id-999.pt', 'skip_chunk0_train': False, 'pretrain_non_dp': True, 'pretrain_non_dp_reduce_time': 4.0, 'pretrain_dp': False, 'run': 0, 'batch_size': 100, 'sample_len': 5, 'sample_len_expand': True, 'iteration': 200000, 'vis_freq': 100000, 'vis_num_sample': 5, 'd_rounds': 5, 'g_rounds': 1, 'num_packing': 1, 'noise': True, 'attr_noise_type': 'normal', 'feature_noise_type': 'normal', 'rnn_mlp_num_layers': 0, 'feed_back': False, 'g_lr': 0.0001, 'g_beta1': 0.5, 'd_lr': 0.0001, 'd_beta1': 0.5, 'd_gp_coe': 10.0, 'adam_eps': 1e-08, 'adam_amsgrad': False, 'generator_feature_num_layers': 1, 'generator_feature_num_units': 100, 'generator_attribute_num_layers': 5, 'generator_attribute_num_units': 512, 'discriminator_num_layers': 5, 'discriminator_num_units': 512, 'initial_state': 'random', 'leaky_relu': False, 'attr_d_lr': 0.0001, 'attr_d_beta1': 0.5, 'attr_d_gp_coe': 10.0, 'g_attr_d_coe': 1.0, 'attr_discriminator_num_layers': 5, 'attr_discriminator_num_units': 512, 'use_attr_discriminator': True, 'self_norm': False, 'fix_feature_network': False, 'debug': False, 'combined_disc': True, 'use_gt_lengths': False, 'use_uniform_lengths': False, 'num_cores': None, 'sn_mode': None, 'scale': 1.0, 'extra_checkpoint_freq': 10000, 'epoch_checkpoint_freq': 200, 'dp_noise_multiplier': None, 'dp_l2_norm_clip': None, 'use_adaptive_rolling': False, 'attribute_latent_dim': 5, 'feature_latent_dim': 5, 'epochs': 250, 'dataset': '/scratch/xl3665/results/caida/pre_processed_data/chunkid-2', 'dataset_expand': True, 'sub_result_folder': 'chunkid-2/sample_len-5', 'result_folder': '/scratch/xl3665/results/caida/models/chunkid-2/sample_len-5', 'restore': True}
Load pre-trained model from /scratch/xl3665/results/caida/models/chunkid-0/sample_len-5/checkpoint/epoch_id-999.pt...
DoppelGANgerTorchModel._train
Currently training with config: {'overwrite': True, 'original_data_file': '../../traces/caida/raw.csv', 'dataset_type': 'pcap', 'n_chunks': 10, 'dp': False, 'allowed_data_types': ['ip_string', 'integer', 'float', 'string'], 'allowed_data_encodings': ['categorical', 'bit', 'word2vec_port', 'word2vec_proto'], 'pretrain_dir': '/scratch/xl3665/results/caida/models/chunkid-0/sample_len-5/checkpoint/epoch_id-999.pt', 'skip_chunk0_train': False, 'pretrain_non_dp': True, 'pretrain_non_dp_reduce_time': 4.0, 'pretrain_dp': False, 'run': 0, 'batch_size': 100, 'sample_len': 5, 'sample_len_expand': True, 'iteration': 200000, 'vis_freq': 100000, 'vis_num_sample': 5, 'd_rounds': 5, 'g_rounds': 1, 'num_packing': 1, 'noise': True, 'attr_noise_type': 'normal', 'feature_noise_type': 'normal', 'rnn_mlp_num_layers': 0, 'feed_back': False, 'g_lr': 0.0001, 'g_beta1': 0.5, 'd_lr': 0.0001, 'd_beta1': 0.5, 'd_gp_coe': 10.0, 'adam_eps': 1e-08, 'adam_amsgrad': False, 'generator_feature_num_layers': 1, 'generator_feature_num_units': 100, 'generator_attribute_num_layers': 5, 'generator_attribute_num_units': 512, 'discriminator_num_layers': 5, 'discriminator_num_units': 512, 'initial_state': 'random', 'leaky_relu': False, 'attr_d_lr': 0.0001, 'attr_d_beta1': 0.5, 'attr_d_gp_coe': 10.0, 'g_attr_d_coe': 1.0, 'attr_discriminator_num_layers': 5, 'attr_discriminator_num_units': 512, 'use_attr_discriminator': True, 'self_norm': False, 'fix_feature_network': False, 'debug': False, 'combined_disc': True, 'use_gt_lengths': False, 'use_uniform_lengths': False, 'num_cores': None, 'sn_mode': None, 'scale': 1.0, 'extra_checkpoint_freq': 10000, 'epoch_checkpoint_freq': 200, 'dp_noise_multiplier': None, 'dp_l2_norm_clip': None, 'use_adaptive_rolling': False, 'attribute_latent_dim': 5, 'feature_latent_dim': 5, 'epochs': 250, 'dataset': '/scratch/xl3665/results/caida/pre_processed_data/chunkid-3', 'dataset_expand': True, 'sub_result_folder': 'chunkid-3/sample_len-5', 'result_folder': '/scratch/xl3665/results/caida/models/chunkid-3/sample_len-5', 'restore': True}
Load pre-trained model from /scratch/xl3665/results/caida/models/chunkid-0/sample_len-5/checkpoint/epoch_id-999.pt...
DoppelGANgerTorchModel._train
Currently training with config: {'overwrite': True, 'original_data_file': '../../traces/caida/raw.csv', 'dataset_type': 'pcap', 'n_chunks': 10, 'dp': False, 'allowed_data_types': ['ip_string', 'integer', 'float', 'string'], 'allowed_data_encodings': ['categorical', 'bit', 'word2vec_port', 'word2vec_proto'], 'pretrain_dir': '/scratch/xl3665/results/caida/models/chunkid-0/sample_len-5/checkpoint/epoch_id-999.pt', 'skip_chunk0_train': False, 'pretrain_non_dp': True, 'pretrain_non_dp_reduce_time': 4.0, 'pretrain_dp': False, 'run': 0, 'batch_size': 100, 'sample_len': 5, 'sample_len_expand': True, 'iteration': 200000, 'vis_freq': 100000, 'vis_num_sample': 5, 'd_rounds': 5, 'g_rounds': 1, 'num_packing': 1, 'noise': True, 'attr_noise_type': 'normal', 'feature_noise_type': 'normal', 'rnn_mlp_num_layers': 0, 'feed_back': False, 'g_lr': 0.0001, 'g_beta1': 0.5, 'd_lr': 0.0001, 'd_beta1': 0.5, 'd_gp_coe': 10.0, 'adam_eps': 1e-08, 'adam_amsgrad': False, 'generator_feature_num_layers': 1, 'generator_feature_num_units': 100, 'generator_attribute_num_layers': 5, 'generator_attribute_num_units': 512, 'discriminator_num_layers': 5, 'discriminator_num_units': 512, 'initial_state': 'random', 'leaky_relu': False, 'attr_d_lr': 0.0001, 'attr_d_beta1': 0.5, 'attr_d_gp_coe': 10.0, 'g_attr_d_coe': 1.0, 'attr_discriminator_num_layers': 5, 'attr_discriminator_num_units': 512, 'use_attr_discriminator': True, 'self_norm': False, 'fix_feature_network': False, 'debug': False, 'combined_disc': True, 'use_gt_lengths': False, 'use_uniform_lengths': False, 'num_cores': None, 'sn_mode': None, 'scale': 1.0, 'extra_checkpoint_freq': 10000, 'epoch_checkpoint_freq': 200, 'dp_noise_multiplier': None, 'dp_l2_norm_clip': None, 'use_adaptive_rolling': False, 'attribute_latent_dim': 5, 'feature_latent_dim': 5, 'epochs': 250, 'dataset': '/scratch/xl3665/results/caida/pre_processed_data/chunkid-4', 'dataset_expand': True, 'sub_result_folder': 'chunkid-4/sample_len-5', 'result_folder': '/scratch/xl3665/results/caida/models/chunkid-4/sample_len-5', 'restore': True}
Load pre-trained model from /scratch/xl3665/results/caida/models/chunkid-0/sample_len-5/checkpoint/epoch_id-999.pt...
DoppelGANgerTorchModel._train
Currently training with config: {'overwrite': True, 'original_data_file': '../../traces/caida/raw.csv', 'dataset_type': 'pcap', 'n_chunks': 10, 'dp': False, 'allowed_data_types': ['ip_string', 'integer', 'float', 'string'], 'allowed_data_encodings': ['categorical', 'bit', 'word2vec_port', 'word2vec_proto'], 'pretrain_dir': '/scratch/xl3665/results/caida/models/chunkid-0/sample_len-5/checkpoint/epoch_id-999.pt', 'skip_chunk0_train': False, 'pretrain_non_dp': True, 'pretrain_non_dp_reduce_time': 4.0, 'pretrain_dp': False, 'run': 0, 'batch_size': 100, 'sample_len': 5, 'sample_len_expand': True, 'iteration': 200000, 'vis_freq': 100000, 'vis_num_sample': 5, 'd_rounds': 5, 'g_rounds': 1, 'num_packing': 1, 'noise': True, 'attr_noise_type': 'normal', 'feature_noise_type': 'normal', 'rnn_mlp_num_layers': 0, 'feed_back': False, 'g_lr': 0.0001, 'g_beta1': 0.5, 'd_lr': 0.0001, 'd_beta1': 0.5, 'd_gp_coe': 10.0, 'adam_eps': 1e-08, 'adam_amsgrad': False, 'generator_feature_num_layers': 1, 'generator_feature_num_units': 100, 'generator_attribute_num_layers': 5, 'generator_attribute_num_units': 512, 'discriminator_num_layers': 5, 'discriminator_num_units': 512, 'initial_state': 'random', 'leaky_relu': False, 'attr_d_lr': 0.0001, 'attr_d_beta1': 0.5, 'attr_d_gp_coe': 10.0, 'g_attr_d_coe': 1.0, 'attr_discriminator_num_layers': 5, 'attr_discriminator_num_units': 512, 'use_attr_discriminator': True, 'self_norm': False, 'fix_feature_network': False, 'debug': False, 'combined_disc': True, 'use_gt_lengths': False, 'use_uniform_lengths': False, 'num_cores': None, 'sn_mode': None, 'scale': 1.0, 'extra_checkpoint_freq': 10000, 'epoch_checkpoint_freq': 200, 'dp_noise_multiplier': None, 'dp_l2_norm_clip': None, 'use_adaptive_rolling': False, 'attribute_latent_dim': 5, 'feature_latent_dim': 5, 'epochs': 250, 'dataset': '/scratch/xl3665/results/caida/pre_processed_data/chunkid-5', 'dataset_expand': True, 'sub_result_folder': 'chunkid-5/sample_len-5', 'result_folder': '/scratch/xl3665/results/caida/models/chunkid-5/sample_len-5', 'restore': True}
Load pre-trained model from /scratch/xl3665/results/caida/models/chunkid-0/sample_len-5/checkpoint/epoch_id-999.pt...
DoppelGANgerTorchModel._train
Currently training with config: {'overwrite': True, 'original_data_file': '../../traces/caida/raw.csv', 'dataset_type': 'pcap', 'n_chunks': 10, 'dp': False, 'allowed_data_types': ['ip_string', 'integer', 'float', 'string'], 'allowed_data_encodings': ['categorical', 'bit', 'word2vec_port', 'word2vec_proto'], 'pretrain_dir': '/scratch/xl3665/results/caida/models/chunkid-0/sample_len-5/checkpoint/epoch_id-999.pt', 'skip_chunk0_train': False, 'pretrain_non_dp': True, 'pretrain_non_dp_reduce_time': 4.0, 'pretrain_dp': False, 'run': 0, 'batch_size': 100, 'sample_len': 5, 'sample_len_expand': True, 'iteration': 200000, 'vis_freq': 100000, 'vis_num_sample': 5, 'd_rounds': 5, 'g_rounds': 1, 'num_packing': 1, 'noise': True, 'attr_noise_type': 'normal', 'feature_noise_type': 'normal', 'rnn_mlp_num_layers': 0, 'feed_back': False, 'g_lr': 0.0001, 'g_beta1': 0.5, 'd_lr': 0.0001, 'd_beta1': 0.5, 'd_gp_coe': 10.0, 'adam_eps': 1e-08, 'adam_amsgrad': False, 'generator_feature_num_layers': 1, 'generator_feature_num_units': 100, 'generator_attribute_num_layers': 5, 'generator_attribute_num_units': 512, 'discriminator_num_layers': 5, 'discriminator_num_units': 512, 'initial_state': 'random', 'leaky_relu': False, 'attr_d_lr': 0.0001, 'attr_d_beta1': 0.5, 'attr_d_gp_coe': 10.0, 'g_attr_d_coe': 1.0, 'attr_discriminator_num_layers': 5, 'attr_discriminator_num_units': 512, 'use_attr_discriminator': True, 'self_norm': False, 'fix_feature_network': False, 'debug': False, 'combined_disc': True, 'use_gt_lengths': False, 'use_uniform_lengths': False, 'num_cores': None, 'sn_mode': None, 'scale': 1.0, 'extra_checkpoint_freq': 10000, 'epoch_checkpoint_freq': 200, 'dp_noise_multiplier': None, 'dp_l2_norm_clip': None, 'use_adaptive_rolling': False, 'attribute_latent_dim': 5, 'feature_latent_dim': 5, 'epochs': 250, 'dataset': '/scratch/xl3665/results/caida/pre_processed_data/chunkid-6', 'dataset_expand': True, 'sub_result_folder': 'chunkid-6/sample_len-5', 'result_folder': '/scratch/xl3665/results/caida/models/chunkid-6/sample_len-5', 'restore': True}
Load pre-trained model from /scratch/xl3665/results/caida/models/chunkid-0/sample_len-5/checkpoint/epoch_id-999.pt...
DoppelGANgerTorchModel._train
Currently training with config: {'overwrite': True, 'original_data_file': '../../traces/caida/raw.csv', 'dataset_type': 'pcap', 'n_chunks': 10, 'dp': False, 'allowed_data_types': ['ip_string', 'integer', 'float', 'string'], 'allowed_data_encodings': ['categorical', 'bit', 'word2vec_port', 'word2vec_proto'], 'pretrain_dir': '/scratch/xl3665/results/caida/models/chunkid-0/sample_len-5/checkpoint/epoch_id-999.pt', 'skip_chunk0_train': False, 'pretrain_non_dp': True, 'pretrain_non_dp_reduce_time': 4.0, 'pretrain_dp': False, 'run': 0, 'batch_size': 100, 'sample_len': 5, 'sample_len_expand': True, 'iteration': 200000, 'vis_freq': 100000, 'vis_num_sample': 5, 'd_rounds': 5, 'g_rounds': 1, 'num_packing': 1, 'noise': True, 'attr_noise_type': 'normal', 'feature_noise_type': 'normal', 'rnn_mlp_num_layers': 0, 'feed_back': False, 'g_lr': 0.0001, 'g_beta1': 0.5, 'd_lr': 0.0001, 'd_beta1': 0.5, 'd_gp_coe': 10.0, 'adam_eps': 1e-08, 'adam_amsgrad': False, 'generator_feature_num_layers': 1, 'generator_feature_num_units': 100, 'generator_attribute_num_layers': 5, 'generator_attribute_num_units': 512, 'discriminator_num_layers': 5, 'discriminator_num_units': 512, 'initial_state': 'random', 'leaky_relu': False, 'attr_d_lr': 0.0001, 'attr_d_beta1': 0.5, 'attr_d_gp_coe': 10.0, 'g_attr_d_coe': 1.0, 'attr_discriminator_num_layers': 5, 'attr_discriminator_num_units': 512, 'use_attr_discriminator': True, 'self_norm': False, 'fix_feature_network': False, 'debug': False, 'combined_disc': True, 'use_gt_lengths': False, 'use_uniform_lengths': False, 'num_cores': None, 'sn_mode': None, 'scale': 1.0, 'extra_checkpoint_freq': 10000, 'epoch_checkpoint_freq': 200, 'dp_noise_multiplier': None, 'dp_l2_norm_clip': None, 'use_adaptive_rolling': False, 'attribute_latent_dim': 5, 'feature_latent_dim': 5, 'epochs': 250, 'dataset': '/scratch/xl3665/results/caida/pre_processed_data/chunkid-7', 'dataset_expand': True, 'sub_result_folder': 'chunkid-7/sample_len-5', 'result_folder': '/scratch/xl3665/results/caida/models/chunkid-7/sample_len-5', 'restore': True}
Load pre-trained model from /scratch/xl3665/results/caida/models/chunkid-0/sample_len-5/checkpoint/epoch_id-999.pt...
DoppelGANgerTorchModel._train
Currently training with config: {'overwrite': True, 'original_data_file': '../../traces/caida/raw.csv', 'dataset_type': 'pcap', 'n_chunks': 10, 'dp': False, 'allowed_data_types': ['ip_string', 'integer', 'float', 'string'], 'allowed_data_encodings': ['categorical', 'bit', 'word2vec_port', 'word2vec_proto'], 'pretrain_dir': '/scratch/xl3665/results/caida/models/chunkid-0/sample_len-5/checkpoint/epoch_id-999.pt', 'skip_chunk0_train': False, 'pretrain_non_dp': True, 'pretrain_non_dp_reduce_time': 4.0, 'pretrain_dp': False, 'run': 0, 'batch_size': 100, 'sample_len': 5, 'sample_len_expand': True, 'iteration': 200000, 'vis_freq': 100000, 'vis_num_sample': 5, 'd_rounds': 5, 'g_rounds': 1, 'num_packing': 1, 'noise': True, 'attr_noise_type': 'normal', 'feature_noise_type': 'normal', 'rnn_mlp_num_layers': 0, 'feed_back': False, 'g_lr': 0.0001, 'g_beta1': 0.5, 'd_lr': 0.0001, 'd_beta1': 0.5, 'd_gp_coe': 10.0, 'adam_eps': 1e-08, 'adam_amsgrad': False, 'generator_feature_num_layers': 1, 'generator_feature_num_units': 100, 'generator_attribute_num_layers': 5, 'generator_attribute_num_units': 512, 'discriminator_num_layers': 5, 'discriminator_num_units': 512, 'initial_state': 'random', 'leaky_relu': False, 'attr_d_lr': 0.0001, 'attr_d_beta1': 0.5, 'attr_d_gp_coe': 10.0, 'g_attr_d_coe': 1.0, 'attr_discriminator_num_layers': 5, 'attr_discriminator_num_units': 512, 'use_attr_discriminator': True, 'self_norm': False, 'fix_feature_network': False, 'debug': False, 'combined_disc': True, 'use_gt_lengths': False, 'use_uniform_lengths': False, 'num_cores': None, 'sn_mode': None, 'scale': 1.0, 'extra_checkpoint_freq': 10000, 'epoch_checkpoint_freq': 200, 'dp_noise_multiplier': None, 'dp_l2_norm_clip': None, 'use_adaptive_rolling': False, 'attribute_latent_dim': 5, 'feature_latent_dim': 5, 'epochs': 250, 'dataset': '/scratch/xl3665/results/caida/pre_processed_data/chunkid-8', 'dataset_expand': True, 'sub_result_folder': 'chunkid-8/sample_len-5', 'result_folder': '/scratch/xl3665/results/caida/models/chunkid-8/sample_len-5', 'restore': True}
Load pre-trained model from /scratch/xl3665/results/caida/models/chunkid-0/sample_len-5/checkpoint/epoch_id-999.pt...
DoppelGANgerTorchModel._train
Currently training with config: {'overwrite': True, 'original_data_file': '../../traces/caida/raw.csv', 'dataset_type': 'pcap', 'n_chunks': 10, 'dp': False, 'allowed_data_types': ['ip_string', 'integer', 'float', 'string'], 'allowed_data_encodings': ['categorical', 'bit', 'word2vec_port', 'word2vec_proto'], 'pretrain_dir': '/scratch/xl3665/results/caida/models/chunkid-0/sample_len-5/checkpoint/epoch_id-999.pt', 'skip_chunk0_train': False, 'pretrain_non_dp': True, 'pretrain_non_dp_reduce_time': 4.0, 'pretrain_dp': False, 'run': 0, 'batch_size': 100, 'sample_len': 5, 'sample_len_expand': True, 'iteration': 200000, 'vis_freq': 100000, 'vis_num_sample': 5, 'd_rounds': 5, 'g_rounds': 1, 'num_packing': 1, 'noise': True, 'attr_noise_type': 'normal', 'feature_noise_type': 'normal', 'rnn_mlp_num_layers': 0, 'feed_back': False, 'g_lr': 0.0001, 'g_beta1': 0.5, 'd_lr': 0.0001, 'd_beta1': 0.5, 'd_gp_coe': 10.0, 'adam_eps': 1e-08, 'adam_amsgrad': False, 'generator_feature_num_layers': 1, 'generator_feature_num_units': 100, 'generator_attribute_num_layers': 5, 'generator_attribute_num_units': 512, 'discriminator_num_layers': 5, 'discriminator_num_units': 512, 'initial_state': 'random', 'leaky_relu': False, 'attr_d_lr': 0.0001, 'attr_d_beta1': 0.5, 'attr_d_gp_coe': 10.0, 'g_attr_d_coe': 1.0, 'attr_discriminator_num_layers': 5, 'attr_discriminator_num_units': 512, 'use_attr_discriminator': True, 'self_norm': False, 'fix_feature_network': False, 'debug': False, 'combined_disc': True, 'use_gt_lengths': False, 'use_uniform_lengths': False, 'num_cores': None, 'sn_mode': None, 'scale': 1.0, 'extra_checkpoint_freq': 10000, 'epoch_checkpoint_freq': 200, 'dp_noise_multiplier': None, 'dp_l2_norm_clip': None, 'use_adaptive_rolling': False, 'attribute_latent_dim': 5, 'feature_latent_dim': 5, 'epochs': 250, 'dataset': '/scratch/xl3665/results/caida/pre_processed_data/chunkid-9', 'dataset_expand': True, 'sub_result_folder': 'chunkid-9/sample_len-5', 'result_folder': '/scratch/xl3665/results/caida/models/chunkid-9/sample_len-5', 'restore': True}
Load pre-trained model from /scratch/xl3665/results/caida/models/chunkid-0/sample_len-5/checkpoint/epoch_id-999.pt...
Other chunks from config_group_id 0 training finished
Chunk 0 is valid
Chunk 1 is valid
Chunk 2 is valid
Chunk 3 is valid
Chunk 4 is valid
Chunk 5 is valid
Chunk 6 is valid
Chunk 7 is valid
Chunk 8 is valid
Chunk 9 is valid
Number of valid chunks: 10
Number of configurations after expanded: 10
Start generating attributes ...
DoppelGANgerTorchModel._generate
Currently generating with config: {'overwrite': True, 'original_data_file': '../../traces/caida/raw.csv', 'dataset_type': 'pcap', 'n_chunks': 10, 'dp': False, 'allowed_data_types': ['ip_string', 'integer', 'float', 'string'], 'allowed_data_encodings': ['categorical', 'bit', 'word2vec_port', 'word2vec_proto'], 'pretrain_dir': '/scratch/xl3665/results/caida/models/chunkid-0/sample_len-5/checkpoint/epoch_id-999.pt', 'skip_chunk0_train': False, 'pretrain_non_dp': True, 'pretrain_non_dp_reduce_time': 4.0, 'pretrain_dp': False, 'run': 0, 'batch_size': 100, 'sample_len': 5, 'sample_len_expand': True, 'iteration': 200000, 'vis_freq': 100000, 'vis_num_sample': 5, 'd_rounds': 5, 'g_rounds': 1, 'num_packing': 1, 'noise': True, 'attr_noise_type': 'normal', 'feature_noise_type': 'normal', 'rnn_mlp_num_layers': 0, 'feed_back': False, 'g_lr': 0.0001, 'g_beta1': 0.5, 'd_lr': 0.0001, 'd_beta1': 0.5, 'd_gp_coe': 10.0, 'adam_eps': 1e-08, 'adam_amsgrad': False, 'generator_feature_num_layers': 1, 'generator_feature_num_units': 100, 'generator_attribute_num_layers': 5, 'generator_attribute_num_units': 512, 'discriminator_num_layers': 5, 'discriminator_num_units': 512, 'initial_state': 'random', 'leaky_relu': False, 'attr_d_lr': 0.0001, 'attr_d_beta1': 0.5, 'attr_d_gp_coe': 10.0, 'g_attr_d_coe': 1.0, 'attr_discriminator_num_layers': 5, 'attr_discriminator_num_units': 512, 'use_attr_discriminator': True, 'self_norm': False, 'fix_feature_network': False, 'debug': False, 'combined_disc': True, 'use_gt_lengths': False, 'use_uniform_lengths': False, 'num_cores': None, 'sn_mode': None, 'scale': 1.0, 'extra_checkpoint_freq': 10000, 'epoch_checkpoint_freq': 200, 'dp_noise_multiplier': None, 'dp_l2_norm_clip': None, 'use_adaptive_rolling': False, 'attribute_latent_dim': 5, 'feature_latent_dim': 5, 'epochs': 1000, 'dataset': '/scratch/xl3665/results/caida/pre_processed_data/chunkid-0', 'dataset_expand': True, 'sub_result_folder': 'chunkid-0/sample_len-5', 'result_folder': '/scratch/xl3665/results/caida/models/chunkid-0/sample_len-5', 'restore': False, 'chunk_id': 0, 'eval_root_folder': '/scratch/xl3665/results/caida/generated_data/sample_len-5', 'given_data_attribute_flag': False}
Generating w/o given data attribute!
Processing epoch_id: 999
generate 1-th sample from epoch_id-999
Finished loading
/scratch/xl3665/results/caida/generated_data/sample_len-5/attr_raw/chunk_id-0.npz
DoppelGANgerTorchModel._generate
Currently generating with config: {'overwrite': True, 'original_data_file': '../../traces/caida/raw.csv', 'dataset_type': 'pcap', 'n_chunks': 10, 'dp': False, 'allowed_data_types': ['ip_string', 'integer', 'float', 'string'], 'allowed_data_encodings': ['categorical', 'bit', 'word2vec_port', 'word2vec_proto'], 'pretrain_dir': '/scratch/xl3665/results/caida/models/chunkid-0/sample_len-5/checkpoint/epoch_id-999.pt', 'skip_chunk0_train': False, 'pretrain_non_dp': True, 'pretrain_non_dp_reduce_time': 4.0, 'pretrain_dp': False, 'run': 0, 'batch_size': 100, 'sample_len': 5, 'sample_len_expand': True, 'iteration': 200000, 'vis_freq': 100000, 'vis_num_sample': 5, 'd_rounds': 5, 'g_rounds': 1, 'num_packing': 1, 'noise': True, 'attr_noise_type': 'normal', 'feature_noise_type': 'normal', 'rnn_mlp_num_layers': 0, 'feed_back': False, 'g_lr': 0.0001, 'g_beta1': 0.5, 'd_lr': 0.0001, 'd_beta1': 0.5, 'd_gp_coe': 10.0, 'adam_eps': 1e-08, 'adam_amsgrad': False, 'generator_feature_num_layers': 1, 'generator_feature_num_units': 100, 'generator_attribute_num_layers': 5, 'generator_attribute_num_units': 512, 'discriminator_num_layers': 5, 'discriminator_num_units': 512, 'initial_state': 'random', 'leaky_relu': False, 'attr_d_lr': 0.0001, 'attr_d_beta1': 0.5, 'attr_d_gp_coe': 10.0, 'g_attr_d_coe': 1.0, 'attr_discriminator_num_layers': 5, 'attr_discriminator_num_units': 512, 'use_attr_discriminator': True, 'self_norm': False, 'fix_feature_network': False, 'debug': False, 'combined_disc': True, 'use_gt_lengths': False, 'use_uniform_lengths': False, 'num_cores': None, 'sn_mode': None, 'scale': 1.0, 'extra_checkpoint_freq': 10000, 'epoch_checkpoint_freq': 200, 'dp_noise_multiplier': None, 'dp_l2_norm_clip': None, 'use_adaptive_rolling': False, 'attribute_latent_dim': 5, 'feature_latent_dim': 5, 'epochs': 250, 'dataset': '/scratch/xl3665/results/caida/pre_processed_data/chunkid-1', 'dataset_expand': True, 'sub_result_folder': 'chunkid-1/sample_len-5', 'result_folder': '/scratch/xl3665/results/caida/models/chunkid-1/sample_len-5', 'restore': True, 'chunk_id': 1, 'eval_root_folder': '/scratch/xl3665/results/caida/generated_data/sample_len-5', 'given_data_attribute_flag': False}
Generating w/o given data attribute!
Processing epoch_id: 199
generate 1-th sample from epoch_id-199
Finished loading
/scratch/xl3665/results/caida/generated_data/sample_len-5/attr_raw/chunk_id-1.npz
DoppelGANgerTorchModel._generate
Currently generating with config: {'overwrite': True, 'original_data_file': '../../traces/caida/raw.csv', 'dataset_type': 'pcap', 'n_chunks': 10, 'dp': False, 'allowed_data_types': ['ip_string', 'integer', 'float', 'string'], 'allowed_data_encodings': ['categorical', 'bit', 'word2vec_port', 'word2vec_proto'], 'pretrain_dir': '/scratch/xl3665/results/caida/models/chunkid-0/sample_len-5/checkpoint/epoch_id-999.pt', 'skip_chunk0_train': False, 'pretrain_non_dp': True, 'pretrain_non_dp_reduce_time': 4.0, 'pretrain_dp': False, 'run': 0, 'batch_size': 100, 'sample_len': 5, 'sample_len_expand': True, 'iteration': 200000, 'vis_freq': 100000, 'vis_num_sample': 5, 'd_rounds': 5, 'g_rounds': 1, 'num_packing': 1, 'noise': True, 'attr_noise_type': 'normal', 'feature_noise_type': 'normal', 'rnn_mlp_num_layers': 0, 'feed_back': False, 'g_lr': 0.0001, 'g_beta1': 0.5, 'd_lr': 0.0001, 'd_beta1': 0.5, 'd_gp_coe': 10.0, 'adam_eps': 1e-08, 'adam_amsgrad': False, 'generator_feature_num_layers': 1, 'generator_feature_num_units': 100, 'generator_attribute_num_layers': 5, 'generator_attribute_num_units': 512, 'discriminator_num_layers': 5, 'discriminator_num_units': 512, 'initial_state': 'random', 'leaky_relu': False, 'attr_d_lr': 0.0001, 'attr_d_beta1': 0.5, 'attr_d_gp_coe': 10.0, 'g_attr_d_coe': 1.0, 'attr_discriminator_num_layers': 5, 'attr_discriminator_num_units': 512, 'use_attr_discriminator': True, 'self_norm': False, 'fix_feature_network': False, 'debug': False, 'combined_disc': True, 'use_gt_lengths': False, 'use_uniform_lengths': False, 'num_cores': None, 'sn_mode': None, 'scale': 1.0, 'extra_checkpoint_freq': 10000, 'epoch_checkpoint_freq': 200, 'dp_noise_multiplier': None, 'dp_l2_norm_clip': None, 'use_adaptive_rolling': False, 'attribute_latent_dim': 5, 'feature_latent_dim': 5, 'epochs': 250, 'dataset': '/scratch/xl3665/results/caida/pre_processed_data/chunkid-2', 'dataset_expand': True, 'sub_result_folder': 'chunkid-2/sample_len-5', 'result_folder': '/scratch/xl3665/results/caida/models/chunkid-2/sample_len-5', 'restore': True, 'chunk_id': 2, 'eval_root_folder': '/scratch/xl3665/results/caida/generated_data/sample_len-5', 'given_data_attribute_flag': False}
Generating w/o given data attribute!
Processing epoch_id: 199
generate 1-th sample from epoch_id-199
Finished loading
/scratch/xl3665/results/caida/generated_data/sample_len-5/attr_raw/chunk_id-2.npz
DoppelGANgerTorchModel._generate
Currently generating with config: {'overwrite': True, 'original_data_file': '../../traces/caida/raw.csv', 'dataset_type': 'pcap', 'n_chunks': 10, 'dp': False, 'allowed_data_types': ['ip_string', 'integer', 'float', 'string'], 'allowed_data_encodings': ['categorical', 'bit', 'word2vec_port', 'word2vec_proto'], 'pretrain_dir': '/scratch/xl3665/results/caida/models/chunkid-0/sample_len-5/checkpoint/epoch_id-999.pt', 'skip_chunk0_train': False, 'pretrain_non_dp': True, 'pretrain_non_dp_reduce_time': 4.0, 'pretrain_dp': False, 'run': 0, 'batch_size': 100, 'sample_len': 5, 'sample_len_expand': True, 'iteration': 200000, 'vis_freq': 100000, 'vis_num_sample': 5, 'd_rounds': 5, 'g_rounds': 1, 'num_packing': 1, 'noise': True, 'attr_noise_type': 'normal', 'feature_noise_type': 'normal', 'rnn_mlp_num_layers': 0, 'feed_back': False, 'g_lr': 0.0001, 'g_beta1': 0.5, 'd_lr': 0.0001, 'd_beta1': 0.5, 'd_gp_coe': 10.0, 'adam_eps': 1e-08, 'adam_amsgrad': False, 'generator_feature_num_layers': 1, 'generator_feature_num_units': 100, 'generator_attribute_num_layers': 5, 'generator_attribute_num_units': 512, 'discriminator_num_layers': 5, 'discriminator_num_units': 512, 'initial_state': 'random', 'leaky_relu': False, 'attr_d_lr': 0.0001, 'attr_d_beta1': 0.5, 'attr_d_gp_coe': 10.0, 'g_attr_d_coe': 1.0, 'attr_discriminator_num_layers': 5, 'attr_discriminator_num_units': 512, 'use_attr_discriminator': True, 'self_norm': False, 'fix_feature_network': False, 'debug': False, 'combined_disc': True, 'use_gt_lengths': False, 'use_uniform_lengths': False, 'num_cores': None, 'sn_mode': None, 'scale': 1.0, 'extra_checkpoint_freq': 10000, 'epoch_checkpoint_freq': 200, 'dp_noise_multiplier': None, 'dp_l2_norm_clip': None, 'use_adaptive_rolling': False, 'attribute_latent_dim': 5, 'feature_latent_dim': 5, 'epochs': 250, 'dataset': '/scratch/xl3665/results/caida/pre_processed_data/chunkid-3', 'dataset_expand': True, 'sub_result_folder': 'chunkid-3/sample_len-5', 'result_folder': '/scratch/xl3665/results/caida/models/chunkid-3/sample_len-5', 'restore': True, 'chunk_id': 3, 'eval_root_folder': '/scratch/xl3665/results/caida/generated_data/sample_len-5', 'given_data_attribute_flag': False}
Generating w/o given data attribute!
Processing epoch_id: 199
generate 1-th sample from epoch_id-199
Finished loading
/scratch/xl3665/results/caida/generated_data/sample_len-5/attr_raw/chunk_id-3.npz
DoppelGANgerTorchModel._generate
Currently generating with config: {'overwrite': True, 'original_data_file': '../../traces/caida/raw.csv', 'dataset_type': 'pcap', 'n_chunks': 10, 'dp': False, 'allowed_data_types': ['ip_string', 'integer', 'float', 'string'], 'allowed_data_encodings': ['categorical', 'bit', 'word2vec_port', 'word2vec_proto'], 'pretrain_dir': '/scratch/xl3665/results/caida/models/chunkid-0/sample_len-5/checkpoint/epoch_id-999.pt', 'skip_chunk0_train': False, 'pretrain_non_dp': True, 'pretrain_non_dp_reduce_time': 4.0, 'pretrain_dp': False, 'run': 0, 'batch_size': 100, 'sample_len': 5, 'sample_len_expand': True, 'iteration': 200000, 'vis_freq': 100000, 'vis_num_sample': 5, 'd_rounds': 5, 'g_rounds': 1, 'num_packing': 1, 'noise': True, 'attr_noise_type': 'normal', 'feature_noise_type': 'normal', 'rnn_mlp_num_layers': 0, 'feed_back': False, 'g_lr': 0.0001, 'g_beta1': 0.5, 'd_lr': 0.0001, 'd_beta1': 0.5, 'd_gp_coe': 10.0, 'adam_eps': 1e-08, 'adam_amsgrad': False, 'generator_feature_num_layers': 1, 'generator_feature_num_units': 100, 'generator_attribute_num_layers': 5, 'generator_attribute_num_units': 512, 'discriminator_num_layers': 5, 'discriminator_num_units': 512, 'initial_state': 'random', 'leaky_relu': False, 'attr_d_lr': 0.0001, 'attr_d_beta1': 0.5, 'attr_d_gp_coe': 10.0, 'g_attr_d_coe': 1.0, 'attr_discriminator_num_layers': 5, 'attr_discriminator_num_units': 512, 'use_attr_discriminator': True, 'self_norm': False, 'fix_feature_network': False, 'debug': False, 'combined_disc': True, 'use_gt_lengths': False, 'use_uniform_lengths': False, 'num_cores': None, 'sn_mode': None, 'scale': 1.0, 'extra_checkpoint_freq': 10000, 'epoch_checkpoint_freq': 200, 'dp_noise_multiplier': None, 'dp_l2_norm_clip': None, 'use_adaptive_rolling': False, 'attribute_latent_dim': 5, 'feature_latent_dim': 5, 'epochs': 250, 'dataset': '/scratch/xl3665/results/caida/pre_processed_data/chunkid-4', 'dataset_expand': True, 'sub_result_folder': 'chunkid-4/sample_len-5', 'result_folder': '/scratch/xl3665/results/caida/models/chunkid-4/sample_len-5', 'restore': True, 'chunk_id': 4, 'eval_root_folder': '/scratch/xl3665/results/caida/generated_data/sample_len-5', 'given_data_attribute_flag': False}
Generating w/o given data attribute!
Processing epoch_id: 199
generate 1-th sample from epoch_id-199
Finished loading
/scratch/xl3665/results/caida/generated_data/sample_len-5/attr_raw/chunk_id-4.npz
DoppelGANgerTorchModel._generate
Currently generating with config: {'overwrite': True, 'original_data_file': '../../traces/caida/raw.csv', 'dataset_type': 'pcap', 'n_chunks': 10, 'dp': False, 'allowed_data_types': ['ip_string', 'integer', 'float', 'string'], 'allowed_data_encodings': ['categorical', 'bit', 'word2vec_port', 'word2vec_proto'], 'pretrain_dir': '/scratch/xl3665/results/caida/models/chunkid-0/sample_len-5/checkpoint/epoch_id-999.pt', 'skip_chunk0_train': False, 'pretrain_non_dp': True, 'pretrain_non_dp_reduce_time': 4.0, 'pretrain_dp': False, 'run': 0, 'batch_size': 100, 'sample_len': 5, 'sample_len_expand': True, 'iteration': 200000, 'vis_freq': 100000, 'vis_num_sample': 5, 'd_rounds': 5, 'g_rounds': 1, 'num_packing': 1, 'noise': True, 'attr_noise_type': 'normal', 'feature_noise_type': 'normal', 'rnn_mlp_num_layers': 0, 'feed_back': False, 'g_lr': 0.0001, 'g_beta1': 0.5, 'd_lr': 0.0001, 'd_beta1': 0.5, 'd_gp_coe': 10.0, 'adam_eps': 1e-08, 'adam_amsgrad': False, 'generator_feature_num_layers': 1, 'generator_feature_num_units': 100, 'generator_attribute_num_layers': 5, 'generator_attribute_num_units': 512, 'discriminator_num_layers': 5, 'discriminator_num_units': 512, 'initial_state': 'random', 'leaky_relu': False, 'attr_d_lr': 0.0001, 'attr_d_beta1': 0.5, 'attr_d_gp_coe': 10.0, 'g_attr_d_coe': 1.0, 'attr_discriminator_num_layers': 5, 'attr_discriminator_num_units': 512, 'use_attr_discriminator': True, 'self_norm': False, 'fix_feature_network': False, 'debug': False, 'combined_disc': True, 'use_gt_lengths': False, 'use_uniform_lengths': False, 'num_cores': None, 'sn_mode': None, 'scale': 1.0, 'extra_checkpoint_freq': 10000, 'epoch_checkpoint_freq': 200, 'dp_noise_multiplier': None, 'dp_l2_norm_clip': None, 'use_adaptive_rolling': False, 'attribute_latent_dim': 5, 'feature_latent_dim': 5, 'epochs': 250, 'dataset': '/scratch/xl3665/results/caida/pre_processed_data/chunkid-5', 'dataset_expand': True, 'sub_result_folder': 'chunkid-5/sample_len-5', 'result_folder': '/scratch/xl3665/results/caida/models/chunkid-5/sample_len-5', 'restore': True, 'chunk_id': 5, 'eval_root_folder': '/scratch/xl3665/results/caida/generated_data/sample_len-5', 'given_data_attribute_flag': False}
Generating w/o given data attribute!
Processing epoch_id: 199
generate 1-th sample from epoch_id-199
Finished loading
/scratch/xl3665/results/caida/generated_data/sample_len-5/attr_raw/chunk_id-5.npz
DoppelGANgerTorchModel._generate
Currently generating with config: {'overwrite': True, 'original_data_file': '../../traces/caida/raw.csv', 'dataset_type': 'pcap', 'n_chunks': 10, 'dp': False, 'allowed_data_types': ['ip_string', 'integer', 'float', 'string'], 'allowed_data_encodings': ['categorical', 'bit', 'word2vec_port', 'word2vec_proto'], 'pretrain_dir': '/scratch/xl3665/results/caida/models/chunkid-0/sample_len-5/checkpoint/epoch_id-999.pt', 'skip_chunk0_train': False, 'pretrain_non_dp': True, 'pretrain_non_dp_reduce_time': 4.0, 'pretrain_dp': False, 'run': 0, 'batch_size': 100, 'sample_len': 5, 'sample_len_expand': True, 'iteration': 200000, 'vis_freq': 100000, 'vis_num_sample': 5, 'd_rounds': 5, 'g_rounds': 1, 'num_packing': 1, 'noise': True, 'attr_noise_type': 'normal', 'feature_noise_type': 'normal', 'rnn_mlp_num_layers': 0, 'feed_back': False, 'g_lr': 0.0001, 'g_beta1': 0.5, 'd_lr': 0.0001, 'd_beta1': 0.5, 'd_gp_coe': 10.0, 'adam_eps': 1e-08, 'adam_amsgrad': False, 'generator_feature_num_layers': 1, 'generator_feature_num_units': 100, 'generator_attribute_num_layers': 5, 'generator_attribute_num_units': 512, 'discriminator_num_layers': 5, 'discriminator_num_units': 512, 'initial_state': 'random', 'leaky_relu': False, 'attr_d_lr': 0.0001, 'attr_d_beta1': 0.5, 'attr_d_gp_coe': 10.0, 'g_attr_d_coe': 1.0, 'attr_discriminator_num_layers': 5, 'attr_discriminator_num_units': 512, 'use_attr_discriminator': True, 'self_norm': False, 'fix_feature_network': False, 'debug': False, 'combined_disc': True, 'use_gt_lengths': False, 'use_uniform_lengths': False, 'num_cores': None, 'sn_mode': None, 'scale': 1.0, 'extra_checkpoint_freq': 10000, 'epoch_checkpoint_freq': 200, 'dp_noise_multiplier': None, 'dp_l2_norm_clip': None, 'use_adaptive_rolling': False, 'attribute_latent_dim': 5, 'feature_latent_dim': 5, 'epochs': 250, 'dataset': '/scratch/xl3665/results/caida/pre_processed_data/chunkid-6', 'dataset_expand': True, 'sub_result_folder': 'chunkid-6/sample_len-5', 'result_folder': '/scratch/xl3665/results/caida/models/chunkid-6/sample_len-5', 'restore': True, 'chunk_id': 6, 'eval_root_folder': '/scratch/xl3665/results/caida/generated_data/sample_len-5', 'given_data_attribute_flag': False}
Generating w/o given data attribute!
Processing epoch_id: 199
generate 1-th sample from epoch_id-199
Finished loading
/scratch/xl3665/results/caida/generated_data/sample_len-5/attr_raw/chunk_id-6.npz
DoppelGANgerTorchModel._generate
Currently generating with config: {'overwrite': True, 'original_data_file': '../../traces/caida/raw.csv', 'dataset_type': 'pcap', 'n_chunks': 10, 'dp': False, 'allowed_data_types': ['ip_string', 'integer', 'float', 'string'], 'allowed_data_encodings': ['categorical', 'bit', 'word2vec_port', 'word2vec_proto'], 'pretrain_dir': '/scratch/xl3665/results/caida/models/chunkid-0/sample_len-5/checkpoint/epoch_id-999.pt', 'skip_chunk0_train': False, 'pretrain_non_dp': True, 'pretrain_non_dp_reduce_time': 4.0, 'pretrain_dp': False, 'run': 0, 'batch_size': 100, 'sample_len': 5, 'sample_len_expand': True, 'iteration': 200000, 'vis_freq': 100000, 'vis_num_sample': 5, 'd_rounds': 5, 'g_rounds': 1, 'num_packing': 1, 'noise': True, 'attr_noise_type': 'normal', 'feature_noise_type': 'normal', 'rnn_mlp_num_layers': 0, 'feed_back': False, 'g_lr': 0.0001, 'g_beta1': 0.5, 'd_lr': 0.0001, 'd_beta1': 0.5, 'd_gp_coe': 10.0, 'adam_eps': 1e-08, 'adam_amsgrad': False, 'generator_feature_num_layers': 1, 'generator_feature_num_units': 100, 'generator_attribute_num_layers': 5, 'generator_attribute_num_units': 512, 'discriminator_num_layers': 5, 'discriminator_num_units': 512, 'initial_state': 'random', 'leaky_relu': False, 'attr_d_lr': 0.0001, 'attr_d_beta1': 0.5, 'attr_d_gp_coe': 10.0, 'g_attr_d_coe': 1.0, 'attr_discriminator_num_layers': 5, 'attr_discriminator_num_units': 512, 'use_attr_discriminator': True, 'self_norm': False, 'fix_feature_network': False, 'debug': False, 'combined_disc': True, 'use_gt_lengths': False, 'use_uniform_lengths': False, 'num_cores': None, 'sn_mode': None, 'scale': 1.0, 'extra_checkpoint_freq': 10000, 'epoch_checkpoint_freq': 200, 'dp_noise_multiplier': None, 'dp_l2_norm_clip': None, 'use_adaptive_rolling': False, 'attribute_latent_dim': 5, 'feature_latent_dim': 5, 'epochs': 250, 'dataset': '/scratch/xl3665/results/caida/pre_processed_data/chunkid-7', 'dataset_expand': True, 'sub_result_folder': 'chunkid-7/sample_len-5', 'result_folder': '/scratch/xl3665/results/caida/models/chunkid-7/sample_len-5', 'restore': True, 'chunk_id': 7, 'eval_root_folder': '/scratch/xl3665/results/caida/generated_data/sample_len-5', 'given_data_attribute_flag': False}
Generating w/o given data attribute!
Processing epoch_id: 199
generate 1-th sample from epoch_id-199
Finished loading
/scratch/xl3665/results/caida/generated_data/sample_len-5/attr_raw/chunk_id-7.npz
DoppelGANgerTorchModel._generate
Currently generating with config: {'overwrite': True, 'original_data_file': '../../traces/caida/raw.csv', 'dataset_type': 'pcap', 'n_chunks': 10, 'dp': False, 'allowed_data_types': ['ip_string', 'integer', 'float', 'string'], 'allowed_data_encodings': ['categorical', 'bit', 'word2vec_port', 'word2vec_proto'], 'pretrain_dir': '/scratch/xl3665/results/caida/models/chunkid-0/sample_len-5/checkpoint/epoch_id-999.pt', 'skip_chunk0_train': False, 'pretrain_non_dp': True, 'pretrain_non_dp_reduce_time': 4.0, 'pretrain_dp': False, 'run': 0, 'batch_size': 100, 'sample_len': 5, 'sample_len_expand': True, 'iteration': 200000, 'vis_freq': 100000, 'vis_num_sample': 5, 'd_rounds': 5, 'g_rounds': 1, 'num_packing': 1, 'noise': True, 'attr_noise_type': 'normal', 'feature_noise_type': 'normal', 'rnn_mlp_num_layers': 0, 'feed_back': False, 'g_lr': 0.0001, 'g_beta1': 0.5, 'd_lr': 0.0001, 'd_beta1': 0.5, 'd_gp_coe': 10.0, 'adam_eps': 1e-08, 'adam_amsgrad': False, 'generator_feature_num_layers': 1, 'generator_feature_num_units': 100, 'generator_attribute_num_layers': 5, 'generator_attribute_num_units': 512, 'discriminator_num_layers': 5, 'discriminator_num_units': 512, 'initial_state': 'random', 'leaky_relu': False, 'attr_d_lr': 0.0001, 'attr_d_beta1': 0.5, 'attr_d_gp_coe': 10.0, 'g_attr_d_coe': 1.0, 'attr_discriminator_num_layers': 5, 'attr_discriminator_num_units': 512, 'use_attr_discriminator': True, 'self_norm': False, 'fix_feature_network': False, 'debug': False, 'combined_disc': True, 'use_gt_lengths': False, 'use_uniform_lengths': False, 'num_cores': None, 'sn_mode': None, 'scale': 1.0, 'extra_checkpoint_freq': 10000, 'epoch_checkpoint_freq': 200, 'dp_noise_multiplier': None, 'dp_l2_norm_clip': None, 'use_adaptive_rolling': False, 'attribute_latent_dim': 5, 'feature_latent_dim': 5, 'epochs': 250, 'dataset': '/scratch/xl3665/results/caida/pre_processed_data/chunkid-8', 'dataset_expand': True, 'sub_result_folder': 'chunkid-8/sample_len-5', 'result_folder': '/scratch/xl3665/results/caida/models/chunkid-8/sample_len-5', 'restore': True, 'chunk_id': 8, 'eval_root_folder': '/scratch/xl3665/results/caida/generated_data/sample_len-5', 'given_data_attribute_flag': False}
Generating w/o given data attribute!
Processing epoch_id: 199
generate 1-th sample from epoch_id-199
Finished loading
/scratch/xl3665/results/caida/generated_data/sample_len-5/attr_raw/chunk_id-8.npz
DoppelGANgerTorchModel._generate
Currently generating with config: {'overwrite': True, 'original_data_file': '../../traces/caida/raw.csv', 'dataset_type': 'pcap', 'n_chunks': 10, 'dp': False, 'allowed_data_types': ['ip_string', 'integer', 'float', 'string'], 'allowed_data_encodings': ['categorical', 'bit', 'word2vec_port', 'word2vec_proto'], 'pretrain_dir': '/scratch/xl3665/results/caida/models/chunkid-0/sample_len-5/checkpoint/epoch_id-999.pt', 'skip_chunk0_train': False, 'pretrain_non_dp': True, 'pretrain_non_dp_reduce_time': 4.0, 'pretrain_dp': False, 'run': 0, 'batch_size': 100, 'sample_len': 5, 'sample_len_expand': True, 'iteration': 200000, 'vis_freq': 100000, 'vis_num_sample': 5, 'd_rounds': 5, 'g_rounds': 1, 'num_packing': 1, 'noise': True, 'attr_noise_type': 'normal', 'feature_noise_type': 'normal', 'rnn_mlp_num_layers': 0, 'feed_back': False, 'g_lr': 0.0001, 'g_beta1': 0.5, 'd_lr': 0.0001, 'd_beta1': 0.5, 'd_gp_coe': 10.0, 'adam_eps': 1e-08, 'adam_amsgrad': False, 'generator_feature_num_layers': 1, 'generator_feature_num_units': 100, 'generator_attribute_num_layers': 5, 'generator_attribute_num_units': 512, 'discriminator_num_layers': 5, 'discriminator_num_units': 512, 'initial_state': 'random', 'leaky_relu': False, 'attr_d_lr': 0.0001, 'attr_d_beta1': 0.5, 'attr_d_gp_coe': 10.0, 'g_attr_d_coe': 1.0, 'attr_discriminator_num_layers': 5, 'attr_discriminator_num_units': 512, 'use_attr_discriminator': True, 'self_norm': False, 'fix_feature_network': False, 'debug': False, 'combined_disc': True, 'use_gt_lengths': False, 'use_uniform_lengths': False, 'num_cores': None, 'sn_mode': None, 'scale': 1.0, 'extra_checkpoint_freq': 10000, 'epoch_checkpoint_freq': 200, 'dp_noise_multiplier': None, 'dp_l2_norm_clip': None, 'use_adaptive_rolling': False, 'attribute_latent_dim': 5, 'feature_latent_dim': 5, 'epochs': 250, 'dataset': '/scratch/xl3665/results/caida/pre_processed_data/chunkid-9', 'dataset_expand': True, 'sub_result_folder': 'chunkid-9/sample_len-5', 'result_folder': '/scratch/xl3665/results/caida/models/chunkid-9/sample_len-5', 'restore': True, 'chunk_id': 9, 'eval_root_folder': '/scratch/xl3665/results/caida/generated_data/sample_len-5', 'given_data_attribute_flag': False}
Generating w/o given data attribute!
Processing epoch_id: 199
generate 1-th sample from epoch_id-199
Finished loading
/scratch/xl3665/results/caida/generated_data/sample_len-5/attr_raw/chunk_id-9.npz
Finish generating attributes
Start merging attributes ...
chunk0 config: {'overwrite': True, 'original_data_file': '../../traces/caida/raw.csv', 'dataset_type': 'pcap', 'n_chunks': 10, 'dp': False, 'allowed_data_types': ['ip_string', 'integer', 'float', 'string'], 'allowed_data_encodings': ['categorical', 'bit', 'word2vec_port', 'word2vec_proto'], 'pretrain_dir': '/scratch/xl3665/results/caida/models/chunkid-0/sample_len-5/checkpoint/epoch_id-999.pt', 'skip_chunk0_train': False, 'pretrain_non_dp': True, 'pretrain_non_dp_reduce_time': 4.0, 'pretrain_dp': False, 'run': 0, 'batch_size': 100, 'sample_len': 5, 'sample_len_expand': True, 'iteration': 200000, 'vis_freq': 100000, 'vis_num_sample': 5, 'd_rounds': 5, 'g_rounds': 1, 'num_packing': 1, 'noise': True, 'attr_noise_type': 'normal', 'feature_noise_type': 'normal', 'rnn_mlp_num_layers': 0, 'feed_back': False, 'g_lr': 0.0001, 'g_beta1': 0.5, 'd_lr': 0.0001, 'd_beta1': 0.5, 'd_gp_coe': 10.0, 'adam_eps': 1e-08, 'adam_amsgrad': False, 'generator_feature_num_layers': 1, 'generator_feature_num_units': 100, 'generator_attribute_num_layers': 5, 'generator_attribute_num_units': 512, 'discriminator_num_layers': 5, 'discriminator_num_units': 512, 'initial_state': 'random', 'leaky_relu': False, 'attr_d_lr': 0.0001, 'attr_d_beta1': 0.5, 'attr_d_gp_coe': 10.0, 'g_attr_d_coe': 1.0, 'attr_discriminator_num_layers': 5, 'attr_discriminator_num_units': 512, 'use_attr_discriminator': True, 'self_norm': False, 'fix_feature_network': False, 'debug': False, 'combined_disc': True, 'use_gt_lengths': False, 'use_uniform_lengths': False, 'num_cores': None, 'sn_mode': None, 'scale': 1.0, 'extra_checkpoint_freq': 10000, 'epoch_checkpoint_freq': 200, 'dp_noise_multiplier': None, 'dp_l2_norm_clip': None, 'use_adaptive_rolling': False, 'attribute_latent_dim': 5, 'feature_latent_dim': 5, 'epochs': 1000, 'dataset': '/scratch/xl3665/results/caida/pre_processed_data/chunkid-0', 'dataset_expand': True, 'sub_result_folder': 'chunkid-0/sample_len-5', 'result_folder': '/scratch/xl3665/results/caida/models/chunkid-0/sample_len-5', 'restore': False, 'chunk_id': 0, 'eval_root_folder': '/scratch/xl3665/results/caida/generated_data/sample_len-5', 'given_data_attribute_flag': False}
bit_idx_flagstart: 158
n_flows_startFromThisEpoch / total flows: 17497/20106
n_flows_startFromThisEpoch / total flows: 11700/20558
n_flows_startFromThisEpoch / total flows: 11305/20489
n_flows_startFromThisEpoch / total flows: 5584/20098
n_flows_startFromThisEpoch / total flows: 4762/20070
n_flows_startFromThisEpoch / total flows: 6130/20407
n_flows_startFromThisEpoch / total flows: 6808/20047
n_flows_startFromThisEpoch / total flows: 7330/20043
n_flows_startFromThisEpoch / total flows: 5878/20137
n_flows_startFromThisEpoch / total flows: 4408/20514
Saving merged attrs...
chunk 0: 17497 flows
chunk 1: 20084 flows
chunk 2: 23976 flows
chunk 3: 21129 flows
chunk 4: 21448 flows
chunk 5: 21259 flows
chunk 6: 21814 flows
chunk 7: 23150 flows
chunk 8: 21354 flows
chunk 9: 20629 flows
n_merged_attrs: 212340
Finish merging attributes...
Start generating features given attributes ...
DoppelGANgerTorchModel._generate
Currently generating with config: {'overwrite': True, 'original_data_file': '../../traces/caida/raw.csv', 'dataset_type': 'pcap', 'n_chunks': 10, 'dp': False, 'allowed_data_types': ['ip_string', 'integer', 'float', 'string'], 'allowed_data_encodings': ['categorical', 'bit', 'word2vec_port', 'word2vec_proto'], 'pretrain_dir': '/scratch/xl3665/results/caida/models/chunkid-0/sample_len-5/checkpoint/epoch_id-999.pt', 'skip_chunk0_train': False, 'pretrain_non_dp': True, 'pretrain_non_dp_reduce_time': 4.0, 'pretrain_dp': False, 'run': 0, 'batch_size': 100, 'sample_len': 5, 'sample_len_expand': True, 'iteration': 200000, 'vis_freq': 100000, 'vis_num_sample': 5, 'd_rounds': 5, 'g_rounds': 1, 'num_packing': 1, 'noise': True, 'attr_noise_type': 'normal', 'feature_noise_type': 'normal', 'rnn_mlp_num_layers': 0, 'feed_back': False, 'g_lr': 0.0001, 'g_beta1': 0.5, 'd_lr': 0.0001, 'd_beta1': 0.5, 'd_gp_coe': 10.0, 'adam_eps': 1e-08, 'adam_amsgrad': False, 'generator_feature_num_layers': 1, 'generator_feature_num_units': 100, 'generator_attribute_num_layers': 5, 'generator_attribute_num_units': 512, 'discriminator_num_layers': 5, 'discriminator_num_units': 512, 'initial_state': 'random', 'leaky_relu': False, 'attr_d_lr': 0.0001, 'attr_d_beta1': 0.5, 'attr_d_gp_coe': 10.0, 'g_attr_d_coe': 1.0, 'attr_discriminator_num_layers': 5, 'attr_discriminator_num_units': 512, 'use_attr_discriminator': True, 'self_norm': False, 'fix_feature_network': False, 'debug': False, 'combined_disc': True, 'use_gt_lengths': False, 'use_uniform_lengths': False, 'num_cores': None, 'sn_mode': None, 'scale': 1.0, 'extra_checkpoint_freq': 10000, 'epoch_checkpoint_freq': 200, 'dp_noise_multiplier': None, 'dp_l2_norm_clip': None, 'use_adaptive_rolling': False, 'attribute_latent_dim': 5, 'feature_latent_dim': 5, 'epochs': 1000, 'dataset': '/scratch/xl3665/results/caida/pre_processed_data/chunkid-0', 'dataset_expand': True, 'sub_result_folder': 'chunkid-0/sample_len-5', 'result_folder': '/scratch/xl3665/results/caida/models/chunkid-0/sample_len-5', 'restore': False, 'chunk_id': 0, 'eval_root_folder': '/scratch/xl3665/results/caida/generated_data/sample_len-5', 'given_data_attribute_flag': True}
Generating from a given data attribute!
Processing epoch_id: 999
generate 1-th sample from epoch_id-999
Finished loading
Processing epoch_id: 799
generate 1-th sample from epoch_id-799
Finished loading
Processing epoch_id: 599
generate 1-th sample from epoch_id-599
Finished loading
Processing epoch_id: 399
generate 1-th sample from epoch_id-399
Finished loading
Processing epoch_id: 199
generate 1-th sample from epoch_id-199
Finished loading
DoppelGANgerTorchModel._generate
Currently generating with config: {'overwrite': True, 'original_data_file': '../../traces/caida/raw.csv', 'dataset_type': 'pcap', 'n_chunks': 10, 'dp': False, 'allowed_data_types': ['ip_string', 'integer', 'float', 'string'], 'allowed_data_encodings': ['categorical', 'bit', 'word2vec_port', 'word2vec_proto'], 'pretrain_dir': '/scratch/xl3665/results/caida/models/chunkid-0/sample_len-5/checkpoint/epoch_id-999.pt', 'skip_chunk0_train': False, 'pretrain_non_dp': True, 'pretrain_non_dp_reduce_time': 4.0, 'pretrain_dp': False, 'run': 0, 'batch_size': 100, 'sample_len': 5, 'sample_len_expand': True, 'iteration': 200000, 'vis_freq': 100000, 'vis_num_sample': 5, 'd_rounds': 5, 'g_rounds': 1, 'num_packing': 1, 'noise': True, 'attr_noise_type': 'normal', 'feature_noise_type': 'normal', 'rnn_mlp_num_layers': 0, 'feed_back': False, 'g_lr': 0.0001, 'g_beta1': 0.5, 'd_lr': 0.0001, 'd_beta1': 0.5, 'd_gp_coe': 10.0, 'adam_eps': 1e-08, 'adam_amsgrad': False, 'generator_feature_num_layers': 1, 'generator_feature_num_units': 100, 'generator_attribute_num_layers': 5, 'generator_attribute_num_units': 512, 'discriminator_num_layers': 5, 'discriminator_num_units': 512, 'initial_state': 'random', 'leaky_relu': False, 'attr_d_lr': 0.0001, 'attr_d_beta1': 0.5, 'attr_d_gp_coe': 10.0, 'g_attr_d_coe': 1.0, 'attr_discriminator_num_layers': 5, 'attr_discriminator_num_units': 512, 'use_attr_discriminator': True, 'self_norm': False, 'fix_feature_network': False, 'debug': False, 'combined_disc': True, 'use_gt_lengths': False, 'use_uniform_lengths': False, 'num_cores': None, 'sn_mode': None, 'scale': 1.0, 'extra_checkpoint_freq': 10000, 'epoch_checkpoint_freq': 200, 'dp_noise_multiplier': None, 'dp_l2_norm_clip': None, 'use_adaptive_rolling': False, 'attribute_latent_dim': 5, 'feature_latent_dim': 5, 'epochs': 250, 'dataset': '/scratch/xl3665/results/caida/pre_processed_data/chunkid-1', 'dataset_expand': True, 'sub_result_folder': 'chunkid-1/sample_len-5', 'result_folder': '/scratch/xl3665/results/caida/models/chunkid-1/sample_len-5', 'restore': True, 'chunk_id': 1, 'eval_root_folder': '/scratch/xl3665/results/caida/generated_data/sample_len-5', 'given_data_attribute_flag': True}
Generating from a given data attribute!
Processing epoch_id: 199
generate 1-th sample from epoch_id-199
Finished loading
DoppelGANgerTorchModel._generate
Currently generating with config: {'overwrite': True, 'original_data_file': '../../traces/caida/raw.csv', 'dataset_type': 'pcap', 'n_chunks': 10, 'dp': False, 'allowed_data_types': ['ip_string', 'integer', 'float', 'string'], 'allowed_data_encodings': ['categorical', 'bit', 'word2vec_port', 'word2vec_proto'], 'pretrain_dir': '/scratch/xl3665/results/caida/models/chunkid-0/sample_len-5/checkpoint/epoch_id-999.pt', 'skip_chunk0_train': False, 'pretrain_non_dp': True, 'pretrain_non_dp_reduce_time': 4.0, 'pretrain_dp': False, 'run': 0, 'batch_size': 100, 'sample_len': 5, 'sample_len_expand': True, 'iteration': 200000, 'vis_freq': 100000, 'vis_num_sample': 5, 'd_rounds': 5, 'g_rounds': 1, 'num_packing': 1, 'noise': True, 'attr_noise_type': 'normal', 'feature_noise_type': 'normal', 'rnn_mlp_num_layers': 0, 'feed_back': False, 'g_lr': 0.0001, 'g_beta1': 0.5, 'd_lr': 0.0001, 'd_beta1': 0.5, 'd_gp_coe': 10.0, 'adam_eps': 1e-08, 'adam_amsgrad': False, 'generator_feature_num_layers': 1, 'generator_feature_num_units': 100, 'generator_attribute_num_layers': 5, 'generator_attribute_num_units': 512, 'discriminator_num_layers': 5, 'discriminator_num_units': 512, 'initial_state': 'random', 'leaky_relu': False, 'attr_d_lr': 0.0001, 'attr_d_beta1': 0.5, 'attr_d_gp_coe': 10.0, 'g_attr_d_coe': 1.0, 'attr_discriminator_num_layers': 5, 'attr_discriminator_num_units': 512, 'use_attr_discriminator': True, 'self_norm': False, 'fix_feature_network': False, 'debug': False, 'combined_disc': True, 'use_gt_lengths': False, 'use_uniform_lengths': False, 'num_cores': None, 'sn_mode': None, 'scale': 1.0, 'extra_checkpoint_freq': 10000, 'epoch_checkpoint_freq': 200, 'dp_noise_multiplier': None, 'dp_l2_norm_clip': None, 'use_adaptive_rolling': False, 'attribute_latent_dim': 5, 'feature_latent_dim': 5, 'epochs': 250, 'dataset': '/scratch/xl3665/results/caida/pre_processed_data/chunkid-2', 'dataset_expand': True, 'sub_result_folder': 'chunkid-2/sample_len-5', 'result_folder': '/scratch/xl3665/results/caida/models/chunkid-2/sample_len-5', 'restore': True, 'chunk_id': 2, 'eval_root_folder': '/scratch/xl3665/results/caida/generated_data/sample_len-5', 'given_data_attribute_flag': True}
Generating from a given data attribute!
Processing epoch_id: 199
generate 1-th sample from epoch_id-199
Finished loading
DoppelGANgerTorchModel._generate
Currently generating with config: {'overwrite': True, 'original_data_file': '../../traces/caida/raw.csv', 'dataset_type': 'pcap', 'n_chunks': 10, 'dp': False, 'allowed_data_types': ['ip_string', 'integer', 'float', 'string'], 'allowed_data_encodings': ['categorical', 'bit', 'word2vec_port', 'word2vec_proto'], 'pretrain_dir': '/scratch/xl3665/results/caida/models/chunkid-0/sample_len-5/checkpoint/epoch_id-999.pt', 'skip_chunk0_train': False, 'pretrain_non_dp': True, 'pretrain_non_dp_reduce_time': 4.0, 'pretrain_dp': False, 'run': 0, 'batch_size': 100, 'sample_len': 5, 'sample_len_expand': True, 'iteration': 200000, 'vis_freq': 100000, 'vis_num_sample': 5, 'd_rounds': 5, 'g_rounds': 1, 'num_packing': 1, 'noise': True, 'attr_noise_type': 'normal', 'feature_noise_type': 'normal', 'rnn_mlp_num_layers': 0, 'feed_back': False, 'g_lr': 0.0001, 'g_beta1': 0.5, 'd_lr': 0.0001, 'd_beta1': 0.5, 'd_gp_coe': 10.0, 'adam_eps': 1e-08, 'adam_amsgrad': False, 'generator_feature_num_layers': 1, 'generator_feature_num_units': 100, 'generator_attribute_num_layers': 5, 'generator_attribute_num_units': 512, 'discriminator_num_layers': 5, 'discriminator_num_units': 512, 'initial_state': 'random', 'leaky_relu': False, 'attr_d_lr': 0.0001, 'attr_d_beta1': 0.5, 'attr_d_gp_coe': 10.0, 'g_attr_d_coe': 1.0, 'attr_discriminator_num_layers': 5, 'attr_discriminator_num_units': 512, 'use_attr_discriminator': True, 'self_norm': False, 'fix_feature_network': False, 'debug': False, 'combined_disc': True, 'use_gt_lengths': False, 'use_uniform_lengths': False, 'num_cores': None, 'sn_mode': None, 'scale': 1.0, 'extra_checkpoint_freq': 10000, 'epoch_checkpoint_freq': 200, 'dp_noise_multiplier': None, 'dp_l2_norm_clip': None, 'use_adaptive_rolling': False, 'attribute_latent_dim': 5, 'feature_latent_dim': 5, 'epochs': 250, 'dataset': '/scratch/xl3665/results/caida/pre_processed_data/chunkid-3', 'dataset_expand': True, 'sub_result_folder': 'chunkid-3/sample_len-5', 'result_folder': '/scratch/xl3665/results/caida/models/chunkid-3/sample_len-5', 'restore': True, 'chunk_id': 3, 'eval_root_folder': '/scratch/xl3665/results/caida/generated_data/sample_len-5', 'given_data_attribute_flag': True}
Generating from a given data attribute!
Processing epoch_id: 199
generate 1-th sample from epoch_id-199
Finished loading
DoppelGANgerTorchModel._generate
Currently generating with config: {'overwrite': True, 'original_data_file': '../../traces/caida/raw.csv', 'dataset_type': 'pcap', 'n_chunks': 10, 'dp': False, 'allowed_data_types': ['ip_string', 'integer', 'float', 'string'], 'allowed_data_encodings': ['categorical', 'bit', 'word2vec_port', 'word2vec_proto'], 'pretrain_dir': '/scratch/xl3665/results/caida/models/chunkid-0/sample_len-5/checkpoint/epoch_id-999.pt', 'skip_chunk0_train': False, 'pretrain_non_dp': True, 'pretrain_non_dp_reduce_time': 4.0, 'pretrain_dp': False, 'run': 0, 'batch_size': 100, 'sample_len': 5, 'sample_len_expand': True, 'iteration': 200000, 'vis_freq': 100000, 'vis_num_sample': 5, 'd_rounds': 5, 'g_rounds': 1, 'num_packing': 1, 'noise': True, 'attr_noise_type': 'normal', 'feature_noise_type': 'normal', 'rnn_mlp_num_layers': 0, 'feed_back': False, 'g_lr': 0.0001, 'g_beta1': 0.5, 'd_lr': 0.0001, 'd_beta1': 0.5, 'd_gp_coe': 10.0, 'adam_eps': 1e-08, 'adam_amsgrad': False, 'generator_feature_num_layers': 1, 'generator_feature_num_units': 100, 'generator_attribute_num_layers': 5, 'generator_attribute_num_units': 512, 'discriminator_num_layers': 5, 'discriminator_num_units': 512, 'initial_state': 'random', 'leaky_relu': False, 'attr_d_lr': 0.0001, 'attr_d_beta1': 0.5, 'attr_d_gp_coe': 10.0, 'g_attr_d_coe': 1.0, 'attr_discriminator_num_layers': 5, 'attr_discriminator_num_units': 512, 'use_attr_discriminator': True, 'self_norm': False, 'fix_feature_network': False, 'debug': False, 'combined_disc': True, 'use_gt_lengths': False, 'use_uniform_lengths': False, 'num_cores': None, 'sn_mode': None, 'scale': 1.0, 'extra_checkpoint_freq': 10000, 'epoch_checkpoint_freq': 200, 'dp_noise_multiplier': None, 'dp_l2_norm_clip': None, 'use_adaptive_rolling': False, 'attribute_latent_dim': 5, 'feature_latent_dim': 5, 'epochs': 250, 'dataset': '/scratch/xl3665/results/caida/pre_processed_data/chunkid-4', 'dataset_expand': True, 'sub_result_folder': 'chunkid-4/sample_len-5', 'result_folder': '/scratch/xl3665/results/caida/models/chunkid-4/sample_len-5', 'restore': True, 'chunk_id': 4, 'eval_root_folder': '/scratch/xl3665/results/caida/generated_data/sample_len-5', 'given_data_attribute_flag': True}
Generating from a given data attribute!
Processing epoch_id: 199
generate 1-th sample from epoch_id-199
Finished loading
DoppelGANgerTorchModel._generate
Currently generating with config: {'overwrite': True, 'original_data_file': '../../traces/caida/raw.csv', 'dataset_type': 'pcap', 'n_chunks': 10, 'dp': False, 'allowed_data_types': ['ip_string', 'integer', 'float', 'string'], 'allowed_data_encodings': ['categorical', 'bit', 'word2vec_port', 'word2vec_proto'], 'pretrain_dir': '/scratch/xl3665/results/caida/models/chunkid-0/sample_len-5/checkpoint/epoch_id-999.pt', 'skip_chunk0_train': False, 'pretrain_non_dp': True, 'pretrain_non_dp_reduce_time': 4.0, 'pretrain_dp': False, 'run': 0, 'batch_size': 100, 'sample_len': 5, 'sample_len_expand': True, 'iteration': 200000, 'vis_freq': 100000, 'vis_num_sample': 5, 'd_rounds': 5, 'g_rounds': 1, 'num_packing': 1, 'noise': True, 'attr_noise_type': 'normal', 'feature_noise_type': 'normal', 'rnn_mlp_num_layers': 0, 'feed_back': False, 'g_lr': 0.0001, 'g_beta1': 0.5, 'd_lr': 0.0001, 'd_beta1': 0.5, 'd_gp_coe': 10.0, 'adam_eps': 1e-08, 'adam_amsgrad': False, 'generator_feature_num_layers': 1, 'generator_feature_num_units': 100, 'generator_attribute_num_layers': 5, 'generator_attribute_num_units': 512, 'discriminator_num_layers': 5, 'discriminator_num_units': 512, 'initial_state': 'random', 'leaky_relu': False, 'attr_d_lr': 0.0001, 'attr_d_beta1': 0.5, 'attr_d_gp_coe': 10.0, 'g_attr_d_coe': 1.0, 'attr_discriminator_num_layers': 5, 'attr_discriminator_num_units': 512, 'use_attr_discriminator': True, 'self_norm': False, 'fix_feature_network': False, 'debug': False, 'combined_disc': True, 'use_gt_lengths': False, 'use_uniform_lengths': False, 'num_cores': None, 'sn_mode': None, 'scale': 1.0, 'extra_checkpoint_freq': 10000, 'epoch_checkpoint_freq': 200, 'dp_noise_multiplier': None, 'dp_l2_norm_clip': None, 'use_adaptive_rolling': False, 'attribute_latent_dim': 5, 'feature_latent_dim': 5, 'epochs': 250, 'dataset': '/scratch/xl3665/results/caida/pre_processed_data/chunkid-5', 'dataset_expand': True, 'sub_result_folder': 'chunkid-5/sample_len-5', 'result_folder': '/scratch/xl3665/results/caida/models/chunkid-5/sample_len-5', 'restore': True, 'chunk_id': 5, 'eval_root_folder': '/scratch/xl3665/results/caida/generated_data/sample_len-5', 'given_data_attribute_flag': True}
Generating from a given data attribute!
Processing epoch_id: 199
generate 1-th sample from epoch_id-199
Finished loading
DoppelGANgerTorchModel._generate
Currently generating with config: {'overwrite': True, 'original_data_file': '../../traces/caida/raw.csv', 'dataset_type': 'pcap', 'n_chunks': 10, 'dp': False, 'allowed_data_types': ['ip_string', 'integer', 'float', 'string'], 'allowed_data_encodings': ['categorical', 'bit', 'word2vec_port', 'word2vec_proto'], 'pretrain_dir': '/scratch/xl3665/results/caida/models/chunkid-0/sample_len-5/checkpoint/epoch_id-999.pt', 'skip_chunk0_train': False, 'pretrain_non_dp': True, 'pretrain_non_dp_reduce_time': 4.0, 'pretrain_dp': False, 'run': 0, 'batch_size': 100, 'sample_len': 5, 'sample_len_expand': True, 'iteration': 200000, 'vis_freq': 100000, 'vis_num_sample': 5, 'd_rounds': 5, 'g_rounds': 1, 'num_packing': 1, 'noise': True, 'attr_noise_type': 'normal', 'feature_noise_type': 'normal', 'rnn_mlp_num_layers': 0, 'feed_back': False, 'g_lr': 0.0001, 'g_beta1': 0.5, 'd_lr': 0.0001, 'd_beta1': 0.5, 'd_gp_coe': 10.0, 'adam_eps': 1e-08, 'adam_amsgrad': False, 'generator_feature_num_layers': 1, 'generator_feature_num_units': 100, 'generator_attribute_num_layers': 5, 'generator_attribute_num_units': 512, 'discriminator_num_layers': 5, 'discriminator_num_units': 512, 'initial_state': 'random', 'leaky_relu': False, 'attr_d_lr': 0.0001, 'attr_d_beta1': 0.5, 'attr_d_gp_coe': 10.0, 'g_attr_d_coe': 1.0, 'attr_discriminator_num_layers': 5, 'attr_discriminator_num_units': 512, 'use_attr_discriminator': True, 'self_norm': False, 'fix_feature_network': False, 'debug': False, 'combined_disc': True, 'use_gt_lengths': False, 'use_uniform_lengths': False, 'num_cores': None, 'sn_mode': None, 'scale': 1.0, 'extra_checkpoint_freq': 10000, 'epoch_checkpoint_freq': 200, 'dp_noise_multiplier': None, 'dp_l2_norm_clip': None, 'use_adaptive_rolling': False, 'attribute_latent_dim': 5, 'feature_latent_dim': 5, 'epochs': 250, 'dataset': '/scratch/xl3665/results/caida/pre_processed_data/chunkid-6', 'dataset_expand': True, 'sub_result_folder': 'chunkid-6/sample_len-5', 'result_folder': '/scratch/xl3665/results/caida/models/chunkid-6/sample_len-5', 'restore': True, 'chunk_id': 6, 'eval_root_folder': '/scratch/xl3665/results/caida/generated_data/sample_len-5', 'given_data_attribute_flag': True}
Generating from a given data attribute!
Processing epoch_id: 199
generate 1-th sample from epoch_id-199
Finished loading
DoppelGANgerTorchModel._generate
Currently generating with config: {'overwrite': True, 'original_data_file': '../../traces/caida/raw.csv', 'dataset_type': 'pcap', 'n_chunks': 10, 'dp': False, 'allowed_data_types': ['ip_string', 'integer', 'float', 'string'], 'allowed_data_encodings': ['categorical', 'bit', 'word2vec_port', 'word2vec_proto'], 'pretrain_dir': '/scratch/xl3665/results/caida/models/chunkid-0/sample_len-5/checkpoint/epoch_id-999.pt', 'skip_chunk0_train': False, 'pretrain_non_dp': True, 'pretrain_non_dp_reduce_time': 4.0, 'pretrain_dp': False, 'run': 0, 'batch_size': 100, 'sample_len': 5, 'sample_len_expand': True, 'iteration': 200000, 'vis_freq': 100000, 'vis_num_sample': 5, 'd_rounds': 5, 'g_rounds': 1, 'num_packing': 1, 'noise': True, 'attr_noise_type': 'normal', 'feature_noise_type': 'normal', 'rnn_mlp_num_layers': 0, 'feed_back': False, 'g_lr': 0.0001, 'g_beta1': 0.5, 'd_lr': 0.0001, 'd_beta1': 0.5, 'd_gp_coe': 10.0, 'adam_eps': 1e-08, 'adam_amsgrad': False, 'generator_feature_num_layers': 1, 'generator_feature_num_units': 100, 'generator_attribute_num_layers': 5, 'generator_attribute_num_units': 512, 'discriminator_num_layers': 5, 'discriminator_num_units': 512, 'initial_state': 'random', 'leaky_relu': False, 'attr_d_lr': 0.0001, 'attr_d_beta1': 0.5, 'attr_d_gp_coe': 10.0, 'g_attr_d_coe': 1.0, 'attr_discriminator_num_layers': 5, 'attr_discriminator_num_units': 512, 'use_attr_discriminator': True, 'self_norm': False, 'fix_feature_network': False, 'debug': False, 'combined_disc': True, 'use_gt_lengths': False, 'use_uniform_lengths': False, 'num_cores': None, 'sn_mode': None, 'scale': 1.0, 'extra_checkpoint_freq': 10000, 'epoch_checkpoint_freq': 200, 'dp_noise_multiplier': None, 'dp_l2_norm_clip': None, 'use_adaptive_rolling': False, 'attribute_latent_dim': 5, 'feature_latent_dim': 5, 'epochs': 250, 'dataset': '/scratch/xl3665/results/caida/pre_processed_data/chunkid-7', 'dataset_expand': True, 'sub_result_folder': 'chunkid-7/sample_len-5', 'result_folder': '/scratch/xl3665/results/caida/models/chunkid-7/sample_len-5', 'restore': True, 'chunk_id': 7, 'eval_root_folder': '/scratch/xl3665/results/caida/generated_data/sample_len-5', 'given_data_attribute_flag': True}
Generating from a given data attribute!
Processing epoch_id: 199
generate 1-th sample from epoch_id-199
Finished loading
DoppelGANgerTorchModel._generate
Currently generating with config: {'overwrite': True, 'original_data_file': '../../traces/caida/raw.csv', 'dataset_type': 'pcap', 'n_chunks': 10, 'dp': False, 'allowed_data_types': ['ip_string', 'integer', 'float', 'string'], 'allowed_data_encodings': ['categorical', 'bit', 'word2vec_port', 'word2vec_proto'], 'pretrain_dir': '/scratch/xl3665/results/caida/models/chunkid-0/sample_len-5/checkpoint/epoch_id-999.pt', 'skip_chunk0_train': False, 'pretrain_non_dp': True, 'pretrain_non_dp_reduce_time': 4.0, 'pretrain_dp': False, 'run': 0, 'batch_size': 100, 'sample_len': 5, 'sample_len_expand': True, 'iteration': 200000, 'vis_freq': 100000, 'vis_num_sample': 5, 'd_rounds': 5, 'g_rounds': 1, 'num_packing': 1, 'noise': True, 'attr_noise_type': 'normal', 'feature_noise_type': 'normal', 'rnn_mlp_num_layers': 0, 'feed_back': False, 'g_lr': 0.0001, 'g_beta1': 0.5, 'd_lr': 0.0001, 'd_beta1': 0.5, 'd_gp_coe': 10.0, 'adam_eps': 1e-08, 'adam_amsgrad': False, 'generator_feature_num_layers': 1, 'generator_feature_num_units': 100, 'generator_attribute_num_layers': 5, 'generator_attribute_num_units': 512, 'discriminator_num_layers': 5, 'discriminator_num_units': 512, 'initial_state': 'random', 'leaky_relu': False, 'attr_d_lr': 0.0001, 'attr_d_beta1': 0.5, 'attr_d_gp_coe': 10.0, 'g_attr_d_coe': 1.0, 'attr_discriminator_num_layers': 5, 'attr_discriminator_num_units': 512, 'use_attr_discriminator': True, 'self_norm': False, 'fix_feature_network': False, 'debug': False, 'combined_disc': True, 'use_gt_lengths': False, 'use_uniform_lengths': False, 'num_cores': None, 'sn_mode': None, 'scale': 1.0, 'extra_checkpoint_freq': 10000, 'epoch_checkpoint_freq': 200, 'dp_noise_multiplier': None, 'dp_l2_norm_clip': None, 'use_adaptive_rolling': False, 'attribute_latent_dim': 5, 'feature_latent_dim': 5, 'epochs': 250, 'dataset': '/scratch/xl3665/results/caida/pre_processed_data/chunkid-8', 'dataset_expand': True, 'sub_result_folder': 'chunkid-8/sample_len-5', 'result_folder': '/scratch/xl3665/results/caida/models/chunkid-8/sample_len-5', 'restore': True, 'chunk_id': 8, 'eval_root_folder': '/scratch/xl3665/results/caida/generated_data/sample_len-5', 'given_data_attribute_flag': True}
Generating from a given data attribute!
Processing epoch_id: 199
generate 1-th sample from epoch_id-199
Finished loading
DoppelGANgerTorchModel._generate
Currently generating with config: {'overwrite': True, 'original_data_file': '../../traces/caida/raw.csv', 'dataset_type': 'pcap', 'n_chunks': 10, 'dp': False, 'allowed_data_types': ['ip_string', 'integer', 'float', 'string'], 'allowed_data_encodings': ['categorical', 'bit', 'word2vec_port', 'word2vec_proto'], 'pretrain_dir': '/scratch/xl3665/results/caida/models/chunkid-0/sample_len-5/checkpoint/epoch_id-999.pt', 'skip_chunk0_train': False, 'pretrain_non_dp': True, 'pretrain_non_dp_reduce_time': 4.0, 'pretrain_dp': False, 'run': 0, 'batch_size': 100, 'sample_len': 5, 'sample_len_expand': True, 'iteration': 200000, 'vis_freq': 100000, 'vis_num_sample': 5, 'd_rounds': 5, 'g_rounds': 1, 'num_packing': 1, 'noise': True, 'attr_noise_type': 'normal', 'feature_noise_type': 'normal', 'rnn_mlp_num_layers': 0, 'feed_back': False, 'g_lr': 0.0001, 'g_beta1': 0.5, 'd_lr': 0.0001, 'd_beta1': 0.5, 'd_gp_coe': 10.0, 'adam_eps': 1e-08, 'adam_amsgrad': False, 'generator_feature_num_layers': 1, 'generator_feature_num_units': 100, 'generator_attribute_num_layers': 5, 'generator_attribute_num_units': 512, 'discriminator_num_layers': 5, 'discriminator_num_units': 512, 'initial_state': 'random', 'leaky_relu': False, 'attr_d_lr': 0.0001, 'attr_d_beta1': 0.5, 'attr_d_gp_coe': 10.0, 'g_attr_d_coe': 1.0, 'attr_discriminator_num_layers': 5, 'attr_discriminator_num_units': 512, 'use_attr_discriminator': True, 'self_norm': False, 'fix_feature_network': False, 'debug': False, 'combined_disc': True, 'use_gt_lengths': False, 'use_uniform_lengths': False, 'num_cores': None, 'sn_mode': None, 'scale': 1.0, 'extra_checkpoint_freq': 10000, 'epoch_checkpoint_freq': 200, 'dp_noise_multiplier': None, 'dp_l2_norm_clip': None, 'use_adaptive_rolling': False, 'attribute_latent_dim': 5, 'feature_latent_dim': 5, 'epochs': 250, 'dataset': '/scratch/xl3665/results/caida/pre_processed_data/chunkid-9', 'dataset_expand': True, 'sub_result_folder': 'chunkid-9/sample_len-5', 'result_folder': '/scratch/xl3665/results/caida/models/chunkid-9/sample_len-5', 'restore': True, 'chunk_id': 9, 'eval_root_folder': '/scratch/xl3665/results/caida/generated_data/sample_len-5', 'given_data_attribute_flag': True}
Generating from a given data attribute!
Processing epoch_id: 199
generate 1-th sample from epoch_id-199
Finished loading
Finish generating features given attributes ...
NetsharePrePostProcessor._post_process
Config group #0: {'dp_noise_multiplier': None, 'dp': False, 'pretrain': True, 'config_ids': [0, 1, 2, 3, 4, 5, 6, 7, 8, 9]}
Chunk_id: 0, # of syn dfs: 5, best_syndf: epoch_id-799.csv
Chunk_id: 1, # of syn dfs: 1, best_syndf: epoch_id-199.csv
Chunk_id: 2, # of syn dfs: 1, best_syndf: epoch_id-199.csv
Chunk_id: 3, # of syn dfs: 1, best_syndf: epoch_id-199.csv
Chunk_id: 4, # of syn dfs: 1, best_syndf: epoch_id-199.csv
Chunk_id: 5, # of syn dfs: 1, best_syndf: epoch_id-199.csv
Chunk_id: 6, # of syn dfs: 1, best_syndf: epoch_id-199.csv
Chunk_id: 7, # of syn dfs: 1, best_syndf: epoch_id-199.csv
Chunk_id: 8, # of syn dfs: 1, best_syndf: epoch_id-199.csv
Chunk_id: 9, # of syn dfs: 1, best_syndf: epoch_id-199.csv
Average truncation ratio: 0.21123725546910452
Big syndf shape: (804279, 12)

Aggregated final dataset syndf
None (804279, 12)
best_syn_df filename: /scratch/xl3665/results/caida/post_processed_data/syn_df,dp_noise_multiplier-None,truncate-per_chunk,id-1.csv
Generated data is at /scratch/xl3665/results/caida/post_processed_data
Ray is disabled
